#
# There is insufficient memory for the Java Runtime Environment to continue.
# Native memory allocation (malloc) failed to allocate 773712 bytes. Error detail: Chunk::new
# Possible reasons:
#   The system is out of physical RAM or swap space
#   This process is running with CompressedOops enabled, and the Java Heap may be blocking the growth of the native heap
# Possible solutions:
#   Reduce memory load on the system
#   Increase physical memory or swap space
#   Check if swap backing store is full
#   Decrease Java heap size (-Xmx/-Xms)
#   Decrease number of Java threads
#   Decrease Java thread stack sizes (-Xss)
#   Set larger code cache with -XX:ReservedCodeCacheSize=
#   JVM is running with Unscaled Compressed Oops mode in which the Java heap is
#     placed in the first 4GB address space. The Java Heap base address is the
#     maximum limit for the native heap growth. Please use -XX:HeapBaseMinAddress
#     to set the Java Heap base and to place the Java Heap above 4GB virtual address.
# This output file may be truncated or incomplete.
#
#  Out of Memory Error (arena.cpp:168), pid=13072, tid=2520
#
# JRE version: OpenJDK Runtime Environment (21.0.6) (build 21.0.6+-13119726-b895.91)
# Java VM: OpenJDK 64-Bit Server VM (21.0.6+-13119726-b895.91, mixed mode, tiered, compressed oops, compressed class ptrs, g1 gc, windows-amd64)
# No core dump will be written. Minidumps are not enabled by default on client versions of Windows
#

---------------  S U M M A R Y ------------

Command Line: --add-opens=java.base/java.lang=ALL-UNNAMED --add-opens=java.base/java.lang.invoke=ALL-UNNAMED --add-opens=java.base/java.util=ALL-UNNAMED --add-opens=java.prefs/java.util.prefs=ALL-UNNAMED --add-exports=jdk.compiler/com.sun.tools.javac.api=ALL-UNNAMED --add-exports=jdk.compiler/com.sun.tools.javac.util=ALL-UNNAMED --add-opens=java.base/java.util=ALL-UNNAMED --add-opens=java.prefs/java.util.prefs=ALL-UNNAMED --add-opens=java.base/java.nio.charset=ALL-UNNAMED --add-opens=java.base/java.net=ALL-UNNAMED --add-opens=java.base/java.util.concurrent.atomic=ALL-UNNAMED --add-opens=java.xml/javax.xml.namespace=ALL-UNNAMED -Xmx2048m -Dfile.encoding=UTF-8 -Duser.country=CN -Duser.language=zh -Duser.variant -javaagent:C:\Users\outer\.gradle\wrapper\dists\gradle-8.11.1-bin\bpt9gzteqjrbo1mjrsomdt32c\gradle-8.11.1\lib\agents\gradle-instrumentation-agent-8.11.1.jar org.gradle.launcher.daemon.bootstrap.GradleDaemon 8.11.1

Host: 11th Gen Intel(R) Core(TM) i5-1135G7 @ 2.40GHz, 8 cores, 15G,  Windows 10 , 64 bit Build 19041 (10.0.19041.5438)
Time: Wed Mar 19 11:38:08 2025  Windows 10 , 64 bit Build 19041 (10.0.19041.5438) elapsed time: 442.470965 seconds (0d 0h 7m 22s)

---------------  T H R E A D  ---------------

Current thread (0x0000017d26ff08e0):  JavaThread "C2 CompilerThread1" daemon [_thread_in_native, id=2520, stack(0x000000728de00000,0x000000728df00000) (1024K)]


Current CompileTask:
C2:442471 19525       4       groovy.lang.MetaClassImpl$1MOPIter::methodNameAction (325 bytes)

Stack: [0x000000728de00000,0x000000728df00000]
Native frames: (J=compiled Java code, j=interpreted, Vv=VM code, C=native code)
V  [jvm.dll+0x6d0639]
V  [jvm.dll+0x85eb03]
V  [jvm.dll+0x86105e]
V  [jvm.dll+0x861743]
V  [jvm.dll+0x27e6e6]
V  [jvm.dll+0xbff6d]
V  [jvm.dll+0xc04a3]
V  [jvm.dll+0x3b61ab]
V  [jvm.dll+0x3820c7]
V  [jvm.dll+0x38153a]
V  [jvm.dll+0x247c82]
V  [jvm.dll+0x247251]
V  [jvm.dll+0x1c5f04]
V  [jvm.dll+0x2569ac]
V  [jvm.dll+0x254ef6]
V  [jvm.dll+0x3f0e96]
V  [jvm.dll+0x806ed8]
V  [jvm.dll+0x6cef0d]
C  [ucrtbase.dll+0x21bb2]
C  [KERNEL32.DLL+0x17374]
C  [ntdll.dll+0x4cc91]


---------------  P R O C E S S  ---------------

Threads class SMR info:
_java_thread_list=0x0000017d286a03e0, length=48, elements={
0x0000017d0912a020, 0x0000017d20a79040, 0x0000017d20a79800, 0x0000017d20a8d890,
0x0000017d20a5bf70, 0x0000017d20a5c9c0, 0x0000017d20a5f420, 0x0000017d20a939d0,
0x0000017d20ab8480, 0x0000017d20bd6540, 0x0000017d2503b740, 0x0000017d26a4fd00,
0x0000017d26c97410, 0x0000017d26cc5df0, 0x0000017d26b851f0, 0x0000017d26b85880,
0x0000017d26b844d0, 0x0000017d26b84b60, 0x0000017d26b872c0, 0x0000017d2ab78620,
0x0000017d2ab75ec0, 0x0000017d2ab73df0, 0x0000017d2ab74b10, 0x0000017d2c413ad0,
0x0000017d2c40cb40, 0x0000017d2c40f2a0, 0x0000017d272588d0, 0x0000017d2b68ead0,
0x0000017d2b6953d0, 0x0000017d2b695a60, 0x0000017d2b6960f0, 0x0000017d2b68f160,
0x0000017d2b699c00, 0x0000017d2b69a290, 0x0000017d2b696780, 0x0000017d2b696e10,
0x0000017d2b69a920, 0x0000017d2b699570, 0x0000017d2b6974a0, 0x0000017d2b697b30,
0x0000017d2b6981c0, 0x0000017d2b698850, 0x0000017d2b698ee0, 0x0000017d26ff08e0,
0x0000017d2c2d6fc0, 0x0000017d2c2d9db0, 0x0000017d2c2d5c10, 0x0000017d26feb050
}

Java Threads: ( => current thread )
  0x0000017d0912a020 JavaThread "main"                              [_thread_blocked, id=2280, stack(0x000000728b300000,0x000000728b400000) (1024K)]
  0x0000017d20a79040 JavaThread "Reference Handler"          daemon [_thread_blocked, id=6528, stack(0x000000728bb00000,0x000000728bc00000) (1024K)]
  0x0000017d20a79800 JavaThread "Finalizer"                  daemon [_thread_blocked, id=19840, stack(0x000000728bc00000,0x000000728bd00000) (1024K)]
  0x0000017d20a8d890 JavaThread "Signal Dispatcher"          daemon [_thread_blocked, id=13512, stack(0x000000728bd00000,0x000000728be00000) (1024K)]
  0x0000017d20a5bf70 JavaThread "Attach Listener"            daemon [_thread_blocked, id=776, stack(0x000000728be00000,0x000000728bf00000) (1024K)]
  0x0000017d20a5c9c0 JavaThread "Service Thread"             daemon [_thread_blocked, id=16048, stack(0x000000728bf00000,0x000000728c000000) (1024K)]
  0x0000017d20a5f420 JavaThread "Monitor Deflation Thread"   daemon [_thread_blocked, id=15984, stack(0x000000728c000000,0x000000728c100000) (1024K)]
  0x0000017d20a939d0 JavaThread "C2 CompilerThread0"         daemon [_thread_blocked, id=20644, stack(0x000000728c100000,0x000000728c200000) (1024K)]
  0x0000017d20ab8480 JavaThread "C1 CompilerThread0"         daemon [_thread_blocked, id=17292, stack(0x000000728c200000,0x000000728c300000) (1024K)]
  0x0000017d20bd6540 JavaThread "Common-Cleaner"             daemon [_thread_blocked, id=10532, stack(0x000000728c300000,0x000000728c400000) (1024K)]
  0x0000017d2503b740 JavaThread "Notification Thread"        daemon [_thread_blocked, id=88, stack(0x000000728c400000,0x000000728c500000) (1024K)]
  0x0000017d26a4fd00 JavaThread "Daemon health stats"               [_thread_blocked, id=15832, stack(0x000000728cd00000,0x000000728ce00000) (1024K)]
  0x0000017d26c97410 JavaThread "Incoming local TCP Connector on port 50790"        [_thread_in_native, id=11668, stack(0x000000728ce00000,0x000000728cf00000) (1024K)]
  0x0000017d26cc5df0 JavaThread "Daemon periodic checks"            [_thread_blocked, id=6544, stack(0x000000728cf00000,0x000000728d000000) (1024K)]
  0x0000017d26b851f0 JavaThread "Cache worker for journal cache (C:\Users\outer\.gradle\caches\journal-1)"        [_thread_blocked, id=2688, stack(0x000000728d900000,0x000000728da00000) (1024K)]
  0x0000017d26b85880 JavaThread "File lock request listener"        [_thread_in_native, id=19008, stack(0x000000728da00000,0x000000728db00000) (1024K)]
  0x0000017d26b844d0 JavaThread "Cache worker for file hash cache (C:\Users\outer\.gradle\caches\8.11.1\fileHashes)"        [_thread_blocked, id=10156, stack(0x000000728db00000,0x000000728dc00000) (1024K)]
  0x0000017d26b84b60 JavaThread "Cache worker for file content cache (C:\Users\outer\.gradle\caches\8.11.1\fileContent)"        [_thread_blocked, id=13884, stack(0x000000728dc00000,0x000000728dd00000) (1024K)]
  0x0000017d26b872c0 JavaThread "File watcher server"        daemon [_thread_in_native, id=17860, stack(0x000000728df00000,0x000000728e000000) (1024K)]
  0x0000017d2ab78620 JavaThread "File watcher consumer"      daemon [_thread_blocked, id=2268, stack(0x000000728e000000,0x000000728e100000) (1024K)]
  0x0000017d2ab75ec0 JavaThread "jar transforms"                    [_thread_blocked, id=21176, stack(0x000000728e400000,0x000000728e500000) (1024K)]
  0x0000017d2ab73df0 JavaThread "jar transforms Thread 2"           [_thread_blocked, id=18624, stack(0x000000728e500000,0x000000728e600000) (1024K)]
  0x0000017d2ab74b10 JavaThread "jar transforms Thread 3"           [_thread_blocked, id=19648, stack(0x000000728e600000,0x000000728e700000) (1024K)]
  0x0000017d2c413ad0 JavaThread "jar transforms Thread 4"           [_thread_blocked, id=7684, stack(0x000000728fc00000,0x000000728fd00000) (1024K)]
  0x0000017d2c40cb40 JavaThread "jar transforms Thread 5"           [_thread_blocked, id=20668, stack(0x000000728fd00000,0x000000728fe00000) (1024K)]
  0x0000017d2c40f2a0 JavaThread "Memory manager"                    [_thread_blocked, id=21140, stack(0x000000728fe00000,0x000000728ff00000) (1024K)]
  0x0000017d272588d0 JavaThread "jar transforms Thread 6"           [_thread_in_vm, id=6720, stack(0x0000007290000000,0x0000007290100000) (1024K)]
  0x0000017d2b68ead0 JavaThread "RMI Scheduler(0)"           daemon [_thread_blocked, id=6576, stack(0x000000728dd00000,0x000000728de00000) (1024K)]
  0x0000017d2b6953d0 JavaThread "RMI RenewClean-[127.0.0.1:17808,org.jetbrains.kotlin.daemon.common.LoopbackNetworkInterface$ClientLoopbackSocketFactory@5b72ec92]" daemon [_thread_blocked, id=12108, stack(0x000000728f300000,0x000000728f400000) (1024K)]
  0x0000017d2b695a60 JavaThread "RMI GC Daemon"              daemon [_thread_blocked, id=6136, stack(0x0000007292d00000,0x0000007292e00000) (1024K)]
  0x0000017d2b6960f0 JavaThread "RMI TCP Accept-0"           daemon [_thread_in_native, id=16556, stack(0x0000007292f00000,0x0000007293000000) (1024K)]
  0x0000017d2b68f160 JavaThread "RMI Reaper"                        [_thread_blocked, id=14512, stack(0x0000007293000000,0x0000007293100000) (1024K)]
  0x0000017d2b699c00 JavaThread "Daemon Thread 4"                   [_thread_blocked, id=9816, stack(0x000000728b000000,0x000000728b100000) (1024K)]
  0x0000017d2b69a290 JavaThread "Handler for socket connection from /127.0.0.1:50790 to /127.0.0.1:51066"        [_thread_in_native, id=20708, stack(0x000000728b100000,0x000000728b200000) (1024K)]
  0x0000017d2b696780 JavaThread "Cancel handler"                    [_thread_blocked, id=16984, stack(0x000000728c500000,0x000000728c600000) (1024K)]
  0x0000017d2b696e10 JavaThread "Daemon worker Thread 4"            [_thread_blocked, id=16076, stack(0x000000728c600000,0x000000728c700000) (1024K)]
  0x0000017d2b69a920 JavaThread "Asynchronous log dispatcher for DefaultDaemonConnection: socket connection from /127.0.0.1:50790 to /127.0.0.1:51066"        [_thread_blocked, id=2156, stack(0x000000728d000000,0x000000728d100000) (1024K)]
  0x0000017d2b699570 JavaThread "Stdin handler"                     [_thread_blocked, id=23324, stack(0x000000728d100000,0x000000728d200000) (1024K)]
  0x0000017d2b6974a0 JavaThread "Daemon client event forwarder"        [_thread_blocked, id=13576, stack(0x000000728d200000,0x000000728d300000) (1024K)]
  0x0000017d2b697b30 JavaThread "Cache worker for file hash cache (D:\android-studio\HC\.gradle\8.11.1\fileHashes)"        [_thread_blocked, id=23216, stack(0x000000728d300000,0x000000728d400000) (1024K)]
  0x0000017d2b6981c0 JavaThread "Cache worker for Build Output Cleanup Cache (D:\android-studio\HC\.gradle\buildOutputCleanup)"        [_thread_blocked, id=12424, stack(0x000000728d400000,0x000000728d500000) (1024K)]
  0x0000017d2b698850 JavaThread "jar transforms Thread 7"           [_thread_blocked, id=19192, stack(0x000000728d500000,0x000000728d600000) (1024K)]
  0x0000017d2b698ee0 JavaThread "jar transforms Thread 8"           [_thread_blocked, id=10784, stack(0x000000728d600000,0x000000728d700000) (1024K)]
=>0x0000017d26ff08e0 JavaThread "C2 CompilerThread1"         daemon [_thread_in_native, id=2520, stack(0x000000728de00000,0x000000728df00000) (1024K)]
  0x0000017d2c2d6fc0 JavaThread "Cache worker for checksums cache (D:\android-studio\HC\.gradle\8.11.1\checksums)"        [_thread_blocked, id=5324, stack(0x000000728e100000,0x000000728e200000) (1024K)]
  0x0000017d2c2d9db0 JavaThread "Cache worker for cache directory md-rule (C:\Users\outer\.gradle\caches\8.11.1\md-rule)"        [_thread_blocked, id=11240, stack(0x000000728e200000,0x000000728e300000) (1024K)]
  0x0000017d2c2d5c10 JavaThread "Cache worker for cache directory md-supplier (C:\Users\outer\.gradle\caches\8.11.1\md-supplier)"        [_thread_blocked, id=12716, stack(0x000000728e300000,0x000000728e400000) (1024K)]
  0x0000017d26feb050 JavaThread "C2 CompilerThread2"         daemon [_thread_in_native, id=12528, stack(0x000000728e700000,0x000000728e800000) (1024K)]
Total: 48

Other Threads:
  0x0000017d209e2a30 VMThread "VM Thread"                           [id=14200, stack(0x000000728ba00000,0x000000728bb00000) (1024K)]
  0x0000017d208368b0 WatcherThread "VM Periodic Task Thread"        [id=6792, stack(0x000000728b900000,0x000000728ba00000) (1024K)]
  0x0000017d09183180 WorkerThread "GC Thread#0"                     [id=12688, stack(0x000000728b400000,0x000000728b500000) (1024K)]
  0x0000017d256e74d0 WorkerThread "GC Thread#1"                     [id=3476, stack(0x000000728c700000,0x000000728c800000) (1024K)]
  0x0000017d256e7870 WorkerThread "GC Thread#2"                     [id=22488, stack(0x000000728c800000,0x000000728c900000) (1024K)]
  0x0000017d255e7a50 WorkerThread "GC Thread#3"                     [id=20944, stack(0x000000728c900000,0x000000728ca00000) (1024K)]
  0x0000017d255e7df0 WorkerThread "GC Thread#4"                     [id=14768, stack(0x000000728ca00000,0x000000728cb00000) (1024K)]
  0x0000017d255e8190 WorkerThread "GC Thread#5"                     [id=22096, stack(0x000000728cb00000,0x000000728cc00000) (1024K)]
  0x0000017d25a955b0 WorkerThread "GC Thread#6"                     [id=14312, stack(0x000000728cc00000,0x000000728cd00000) (1024K)]
  0x0000017d26c7f290 WorkerThread "GC Thread#7"                     [id=13316, stack(0x000000728d700000,0x000000728d800000) (1024K)]
  0x0000017d091941e0 ConcurrentGCThread "G1 Main Marker"            [id=18244, stack(0x000000728b500000,0x000000728b600000) (1024K)]
  0x0000017d091963a0 WorkerThread "G1 Conc#0"                       [id=14140, stack(0x000000728b600000,0x000000728b700000) (1024K)]
  0x0000017d26c7eef0 WorkerThread "G1 Conc#1"                       [id=1188, stack(0x000000728d800000,0x000000728d900000) (1024K)]
  0x0000017d091ee870 ConcurrentGCThread "G1 Refine#0"               [id=4280, stack(0x000000728b700000,0x000000728b800000) (1024K)]
  0x0000017d20709aa0 ConcurrentGCThread "G1 Service"                [id=10704, stack(0x000000728b800000,0x000000728b900000) (1024K)]
Total: 15

Threads with active compile tasks:
C2 CompilerThread1  442483 19525       4       groovy.lang.MetaClassImpl$1MOPIter::methodNameAction (325 bytes)
C2 CompilerThread2  442483 19529       4       java.beans.Introspector::addMethod (196 bytes)
Total: 2

VM state: not at safepoint (normal execution)

VM Mutex/Monitor currently owned by a thread: None

Heap address: 0x0000000080000000, size: 2048 MB, Compressed Oops mode: 32-bit

CDS archive(s) not mapped
Compressed class space mapped at: 0x0000000100000000-0x0000000140000000, reserved size: 1073741824
Narrow klass base: 0x0000000000000000, Narrow klass shift: 3, Narrow klass range: 0x140000000

GC Precious Log:
 CardTable entry size: 512
 Card Set container configuration: InlinePtr #cards 5 size 8 Array Of Cards #cards 12 size 40 Howl #buckets 4 coarsen threshold 1843 Howl Bitmap #cards 512 size 80 coarsen threshold 460 Card regions per heap region 1 cards per card region 2048
 CPUs: 8 total, 8 available
 Memory: 16110M
 Large Page Support: Disabled
 NUMA Support: Disabled
 Compressed Oops: Enabled (32-bit)
 Heap Region Size: 1M
 Heap Min Capacity: 8M
 Heap Initial Capacity: 252M
 Heap Max Capacity: 2G
 Pre-touch: Disabled
 Parallel Workers: 8
 Concurrent Workers: 2
 Concurrent Refinement Workers: 8
 Periodic GC: Disabled

Heap:
 garbage-first heap   total 245760K, used 201708K [0x0000000080000000, 0x0000000100000000)
  region size 1024K, 54 young (55296K), 9 survivors (9216K)
 Metaspace       used 130987K, committed 133376K, reserved 1179648K
  class space    used 17334K, committed 18560K, reserved 1048576K

Heap Regions: E=young(eden), S=young(survivor), O=old, HS=humongous(starts), HC=humongous(continues), CS=collection set, F=free, TAMS=top-at-mark-start, PB=parsable bottom
|   0|0x0000000080000000, 0x0000000080100000, 0x0000000080100000|100%| O|  |TAMS 0x0000000080000000| PB 0x0000000080000000| Untracked 
|   1|0x0000000080100000, 0x0000000080200000, 0x0000000080200000|100%|HS|  |TAMS 0x0000000080100000| PB 0x0000000080100000| Complete 
|   2|0x0000000080200000, 0x0000000080300000, 0x0000000080300000|100%|HC|  |TAMS 0x0000000080200000| PB 0x0000000080200000| Complete 
|   3|0x0000000080300000, 0x0000000080400000, 0x0000000080400000|100%|HC|  |TAMS 0x0000000080300000| PB 0x0000000080300000| Complete 
|   4|0x0000000080400000, 0x0000000080500000, 0x0000000080500000|100%| O|  |TAMS 0x0000000080400000| PB 0x0000000080400000| Untracked 
|   5|0x0000000080500000, 0x0000000080600000, 0x0000000080600000|100%| O|  |TAMS 0x0000000080500000| PB 0x0000000080500000| Untracked 
|   6|0x0000000080600000, 0x0000000080700000, 0x0000000080700000|100%| O|  |TAMS 0x0000000080600000| PB 0x0000000080600000| Untracked 
|   7|0x0000000080700000, 0x0000000080800000, 0x0000000080800000|100%|HS|  |TAMS 0x0000000080700000| PB 0x0000000080700000| Complete 
|   8|0x0000000080800000, 0x0000000080900000, 0x0000000080900000|100%| O|  |TAMS 0x0000000080800000| PB 0x0000000080800000| Untracked 
|   9|0x0000000080900000, 0x0000000080a00000, 0x0000000080a00000|100%| O|  |TAMS 0x0000000080900000| PB 0x0000000080900000| Untracked 
|  10|0x0000000080a00000, 0x0000000080b00000, 0x0000000080b00000|100%| O|  |TAMS 0x0000000080a00000| PB 0x0000000080a00000| Untracked 
|  11|0x0000000080b00000, 0x0000000080c00000, 0x0000000080c00000|100%| O|  |TAMS 0x0000000080b00000| PB 0x0000000080b00000| Untracked 
|  12|0x0000000080c00000, 0x0000000080d00000, 0x0000000080d00000|100%| O|  |TAMS 0x0000000080c00000| PB 0x0000000080c00000| Untracked 
|  13|0x0000000080d00000, 0x0000000080e00000, 0x0000000080e00000|100%| O|  |TAMS 0x0000000080d00000| PB 0x0000000080d00000| Untracked 
|  14|0x0000000080e00000, 0x0000000080f00000, 0x0000000080f00000|100%| O|  |TAMS 0x0000000080e00000| PB 0x0000000080e00000| Untracked 
|  15|0x0000000080f00000, 0x0000000081000000, 0x0000000081000000|100%| O|  |TAMS 0x0000000080f00000| PB 0x0000000080f00000| Untracked 
|  16|0x0000000081000000, 0x0000000081100000, 0x0000000081100000|100%| O|  |TAMS 0x0000000081000000| PB 0x0000000081000000| Untracked 
|  17|0x0000000081100000, 0x0000000081200000, 0x0000000081200000|100%| O|  |TAMS 0x0000000081100000| PB 0x0000000081100000| Untracked 
|  18|0x0000000081200000, 0x0000000081300000, 0x0000000081300000|100%| O|  |TAMS 0x0000000081200000| PB 0x0000000081200000| Untracked 
|  19|0x0000000081300000, 0x0000000081400000, 0x0000000081400000|100%| O|  |TAMS 0x0000000081300000| PB 0x0000000081300000| Untracked 
|  20|0x0000000081400000, 0x0000000081500000, 0x0000000081500000|100%| O|  |TAMS 0x0000000081400000| PB 0x0000000081400000| Untracked 
|  21|0x0000000081500000, 0x0000000081600000, 0x0000000081600000|100%| O|  |TAMS 0x0000000081500000| PB 0x0000000081500000| Untracked 
|  22|0x0000000081600000, 0x0000000081700000, 0x0000000081700000|100%| O|  |TAMS 0x0000000081600000| PB 0x0000000081600000| Untracked 
|  23|0x0000000081700000, 0x0000000081800000, 0x0000000081800000|100%| O|  |TAMS 0x0000000081700000| PB 0x0000000081700000| Untracked 
|  24|0x0000000081800000, 0x0000000081900000, 0x0000000081900000|100%| O|  |TAMS 0x0000000081800000| PB 0x0000000081800000| Untracked 
|  25|0x0000000081900000, 0x0000000081a00000, 0x0000000081a00000|100%| O|  |TAMS 0x0000000081900000| PB 0x0000000081900000| Untracked 
|  26|0x0000000081a00000, 0x0000000081b00000, 0x0000000081b00000|100%| O|  |TAMS 0x0000000081a00000| PB 0x0000000081a00000| Untracked 
|  27|0x0000000081b00000, 0x0000000081c00000, 0x0000000081c00000|100%| O|  |TAMS 0x0000000081b00000| PB 0x0000000081b00000| Untracked 
|  28|0x0000000081c00000, 0x0000000081d00000, 0x0000000081d00000|100%| O|  |TAMS 0x0000000081c00000| PB 0x0000000081c00000| Untracked 
|  29|0x0000000081d00000, 0x0000000081e00000, 0x0000000081e00000|100%| O|  |TAMS 0x0000000081d00000| PB 0x0000000081d00000| Untracked 
|  30|0x0000000081e00000, 0x0000000081f00000, 0x0000000081f00000|100%| O|  |TAMS 0x0000000081e00000| PB 0x0000000081e00000| Untracked 
|  31|0x0000000081f00000, 0x0000000082000000, 0x0000000082000000|100%| O|  |TAMS 0x0000000081f00000| PB 0x0000000081f00000| Untracked 
|  32|0x0000000082000000, 0x0000000082100000, 0x0000000082100000|100%| O|  |TAMS 0x0000000082000000| PB 0x0000000082000000| Untracked 
|  33|0x0000000082100000, 0x0000000082200000, 0x0000000082200000|100%| O|  |TAMS 0x0000000082100000| PB 0x0000000082100000| Untracked 
|  34|0x0000000082200000, 0x0000000082300000, 0x0000000082300000|100%| O|  |TAMS 0x0000000082200000| PB 0x0000000082200000| Untracked 
|  35|0x0000000082300000, 0x0000000082400000, 0x0000000082400000|100%| O|  |TAMS 0x0000000082300000| PB 0x0000000082300000| Untracked 
|  36|0x0000000082400000, 0x0000000082500000, 0x0000000082500000|100%| O|  |TAMS 0x0000000082400000| PB 0x0000000082400000| Untracked 
|  37|0x0000000082500000, 0x0000000082600000, 0x0000000082600000|100%| O|  |TAMS 0x0000000082500000| PB 0x0000000082500000| Untracked 
|  38|0x0000000082600000, 0x0000000082700000, 0x0000000082700000|100%| O|  |TAMS 0x0000000082600000| PB 0x0000000082600000| Untracked 
|  39|0x0000000082700000, 0x0000000082800000, 0x0000000082800000|100%|HS|  |TAMS 0x0000000082700000| PB 0x0000000082700000| Complete 
|  40|0x0000000082800000, 0x0000000082900000, 0x0000000082900000|100%|HS|  |TAMS 0x0000000082800000| PB 0x0000000082800000| Complete 
|  41|0x0000000082900000, 0x0000000082a00000, 0x0000000082a00000|100%| O|  |TAMS 0x0000000082900000| PB 0x0000000082900000| Untracked 
|  42|0x0000000082a00000, 0x0000000082b00000, 0x0000000082b00000|100%|HS|  |TAMS 0x0000000082a00000| PB 0x0000000082a00000| Complete 
|  43|0x0000000082b00000, 0x0000000082c00000, 0x0000000082c00000|100%|HC|  |TAMS 0x0000000082b00000| PB 0x0000000082b00000| Complete 
|  44|0x0000000082c00000, 0x0000000082d00000, 0x0000000082d00000|100%|HS|  |TAMS 0x0000000082c00000| PB 0x0000000082c00000| Complete 
|  45|0x0000000082d00000, 0x0000000082e00000, 0x0000000082e00000|100%|HS|  |TAMS 0x0000000082d00000| PB 0x0000000082d00000| Complete 
|  46|0x0000000082e00000, 0x0000000082f00000, 0x0000000082f00000|100%|HC|  |TAMS 0x0000000082e00000| PB 0x0000000082e00000| Complete 
|  47|0x0000000082f00000, 0x0000000083000000, 0x0000000083000000|100%|HC|  |TAMS 0x0000000082f00000| PB 0x0000000082f00000| Complete 
|  48|0x0000000083000000, 0x0000000083100000, 0x0000000083100000|100%| O|  |TAMS 0x0000000083000000| PB 0x0000000083000000| Untracked 
|  49|0x0000000083100000, 0x0000000083200000, 0x0000000083200000|100%| O|Cm|TAMS 0x0000000083100000| PB 0x0000000083100000| Complete 
|  50|0x0000000083200000, 0x0000000083300000, 0x0000000083300000|100%| O|  |TAMS 0x0000000083200000| PB 0x0000000083200000| Untracked 
|  51|0x0000000083300000, 0x0000000083400000, 0x0000000083400000|100%| O|  |TAMS 0x0000000083300000| PB 0x0000000083300000| Untracked 
|  52|0x0000000083400000, 0x0000000083500000, 0x0000000083500000|100%| O|  |TAMS 0x0000000083400000| PB 0x0000000083400000| Untracked 
|  53|0x0000000083500000, 0x0000000083600000, 0x0000000083600000|100%| O|  |TAMS 0x0000000083500000| PB 0x0000000083500000| Untracked 
|  54|0x0000000083600000, 0x0000000083700000, 0x0000000083700000|100%|HS|  |TAMS 0x0000000083600000| PB 0x0000000083600000| Complete 
|  55|0x0000000083700000, 0x0000000083800000, 0x0000000083800000|100%| O|  |TAMS 0x0000000083700000| PB 0x0000000083700000| Untracked 
|  56|0x0000000083800000, 0x0000000083900000, 0x0000000083900000|100%|HS|  |TAMS 0x0000000083800000| PB 0x0000000083800000| Complete 
|  57|0x0000000083900000, 0x0000000083a00000, 0x0000000083a00000|100%|HC|  |TAMS 0x0000000083900000| PB 0x0000000083900000| Complete 
|  58|0x0000000083a00000, 0x0000000083b00000, 0x0000000083b00000|100%|HS|  |TAMS 0x0000000083a00000| PB 0x0000000083a00000| Complete 
|  59|0x0000000083b00000, 0x0000000083c00000, 0x0000000083c00000|100%|HS|  |TAMS 0x0000000083b00000| PB 0x0000000083b00000| Complete 
|  60|0x0000000083c00000, 0x0000000083d00000, 0x0000000083d00000|100%| O|  |TAMS 0x0000000083c00000| PB 0x0000000083c00000| Untracked 
|  61|0x0000000083d00000, 0x0000000083e00000, 0x0000000083e00000|100%| O|  |TAMS 0x0000000083d00000| PB 0x0000000083d00000| Untracked 
|  62|0x0000000083e00000, 0x0000000083f00000, 0x0000000083f00000|100%| O|  |TAMS 0x0000000083e00000| PB 0x0000000083e00000| Untracked 
|  63|0x0000000083f00000, 0x0000000084000000, 0x0000000084000000|100%| O|  |TAMS 0x0000000083f00000| PB 0x0000000083f00000| Untracked 
|  64|0x0000000084000000, 0x0000000084100000, 0x0000000084100000|100%| O|  |TAMS 0x0000000084000000| PB 0x0000000084000000| Untracked 
|  65|0x0000000084100000, 0x0000000084200000, 0x0000000084200000|100%| O|  |TAMS 0x0000000084100000| PB 0x0000000084100000| Untracked 
|  66|0x0000000084200000, 0x0000000084300000, 0x0000000084300000|100%| O|  |TAMS 0x0000000084200000| PB 0x0000000084200000| Untracked 
|  67|0x0000000084300000, 0x0000000084400000, 0x0000000084400000|100%| O|  |TAMS 0x0000000084300000| PB 0x0000000084300000| Untracked 
|  68|0x0000000084400000, 0x0000000084500000, 0x0000000084500000|100%| O|  |TAMS 0x0000000084400000| PB 0x0000000084400000| Untracked 
|  69|0x0000000084500000, 0x0000000084600000, 0x0000000084600000|100%|HS|  |TAMS 0x0000000084500000| PB 0x0000000084500000| Complete 
|  70|0x0000000084600000, 0x0000000084700000, 0x0000000084700000|100%| O|  |TAMS 0x0000000084600000| PB 0x0000000084600000| Untracked 
|  71|0x0000000084700000, 0x0000000084800000, 0x0000000084800000|100%|HS|  |TAMS 0x0000000084700000| PB 0x0000000084700000| Complete 
|  72|0x0000000084800000, 0x0000000084900000, 0x0000000084900000|100%|HC|  |TAMS 0x0000000084800000| PB 0x0000000084800000| Complete 
|  73|0x0000000084900000, 0x0000000084a00000, 0x0000000084a00000|100%|HC|  |TAMS 0x0000000084900000| PB 0x0000000084900000| Complete 
|  74|0x0000000084a00000, 0x0000000084b00000, 0x0000000084b00000|100%| O|Cm|TAMS 0x0000000084a00000| PB 0x0000000084a00000| Complete 
|  75|0x0000000084b00000, 0x0000000084c00000, 0x0000000084c00000|100%| O|  |TAMS 0x0000000084b00000| PB 0x0000000084b00000| Untracked 
|  76|0x0000000084c00000, 0x0000000084d00000, 0x0000000084d00000|100%| O|  |TAMS 0x0000000084c00000| PB 0x0000000084c00000| Untracked 
|  77|0x0000000084d00000, 0x0000000084e00000, 0x0000000084e00000|100%| O|  |TAMS 0x0000000084d00000| PB 0x0000000084d00000| Untracked 
|  78|0x0000000084e00000, 0x0000000084f00000, 0x0000000084f00000|100%| O|  |TAMS 0x0000000084e00000| PB 0x0000000084e00000| Untracked 
|  79|0x0000000084f00000, 0x0000000085000000, 0x0000000085000000|100%| O|  |TAMS 0x0000000084f00000| PB 0x0000000084f00000| Untracked 
|  80|0x0000000085000000, 0x0000000085100000, 0x0000000085100000|100%| O|  |TAMS 0x0000000085000000| PB 0x0000000085000000| Untracked 
|  81|0x0000000085100000, 0x0000000085200000, 0x0000000085200000|100%| O|  |TAMS 0x0000000085100000| PB 0x0000000085100000| Untracked 
|  82|0x0000000085200000, 0x0000000085300000, 0x0000000085300000|100%| O|Cm|TAMS 0x0000000085200000| PB 0x0000000085200000| Complete 
|  83|0x0000000085300000, 0x0000000085400000, 0x0000000085400000|100%| O|  |TAMS 0x0000000085300000| PB 0x0000000085300000| Untracked 
|  84|0x0000000085400000, 0x0000000085500000, 0x0000000085500000|100%| O|  |TAMS 0x0000000085400000| PB 0x0000000085400000| Untracked 
|  85|0x0000000085500000, 0x0000000085600000, 0x0000000085600000|100%| O|  |TAMS 0x0000000085500000| PB 0x0000000085500000| Untracked 
|  86|0x0000000085600000, 0x0000000085700000, 0x0000000085700000|100%| O|  |TAMS 0x0000000085600000| PB 0x0000000085600000| Untracked 
|  87|0x0000000085700000, 0x0000000085800000, 0x0000000085800000|100%| O|  |TAMS 0x0000000085700000| PB 0x0000000085700000| Untracked 
|  88|0x0000000085800000, 0x0000000085900000, 0x0000000085900000|100%| O|  |TAMS 0x0000000085800000| PB 0x0000000085800000| Untracked 
|  89|0x0000000085900000, 0x0000000085a00000, 0x0000000085a00000|100%| O|  |TAMS 0x0000000085900000| PB 0x0000000085900000| Untracked 
|  90|0x0000000085a00000, 0x0000000085b00000, 0x0000000085b00000|100%| O|  |TAMS 0x0000000085a00000| PB 0x0000000085a00000| Untracked 
|  91|0x0000000085b00000, 0x0000000085c00000, 0x0000000085c00000|100%| O|  |TAMS 0x0000000085b00000| PB 0x0000000085b00000| Untracked 
|  92|0x0000000085c00000, 0x0000000085d00000, 0x0000000085d00000|100%| O|  |TAMS 0x0000000085c00000| PB 0x0000000085c00000| Untracked 
|  93|0x0000000085d00000, 0x0000000085da55e0, 0x0000000085e00000| 64%| O|  |TAMS 0x0000000085d00000| PB 0x0000000085d00000| Untracked 
|  94|0x0000000085e00000, 0x0000000085f00000, 0x0000000085f00000|100%| O|  |TAMS 0x0000000085e00000| PB 0x0000000085e00000| Untracked 
|  95|0x0000000085f00000, 0x0000000086000000, 0x0000000086000000|100%| O|  |TAMS 0x0000000085f00000| PB 0x0000000085f00000| Untracked 
|  96|0x0000000086000000, 0x0000000086100000, 0x0000000086100000|100%|HS|  |TAMS 0x0000000086000000| PB 0x0000000086000000| Complete 
|  97|0x0000000086100000, 0x0000000086200000, 0x0000000086200000|100%|HC|  |TAMS 0x0000000086100000| PB 0x0000000086100000| Complete 
|  98|0x0000000086200000, 0x0000000086300000, 0x0000000086300000|100%| O|Cm|TAMS 0x0000000086200000| PB 0x0000000086200000| Complete 
|  99|0x0000000086300000, 0x0000000086400000, 0x0000000086400000|100%| O|Cm|TAMS 0x0000000086300000| PB 0x0000000086300000| Complete 
| 100|0x0000000086400000, 0x0000000086500000, 0x0000000086500000|100%|HS|  |TAMS 0x0000000086400000| PB 0x0000000086400000| Complete 
| 101|0x0000000086500000, 0x0000000086600000, 0x0000000086600000|100%| O|  |TAMS 0x0000000086500000| PB 0x0000000086500000| Untracked 
| 102|0x0000000086600000, 0x0000000086700000, 0x0000000086700000|100%| O|  |TAMS 0x0000000086600000| PB 0x0000000086600000| Untracked 
| 103|0x0000000086700000, 0x0000000086800000, 0x0000000086800000|100%| O|Cm|TAMS 0x0000000086700000| PB 0x0000000086700000| Complete 
| 104|0x0000000086800000, 0x0000000086900000, 0x0000000086900000|100%| O|  |TAMS 0x0000000086800000| PB 0x0000000086800000| Untracked 
| 105|0x0000000086900000, 0x0000000086a00000, 0x0000000086a00000|100%| O|  |TAMS 0x0000000086900000| PB 0x0000000086900000| Untracked 
| 106|0x0000000086a00000, 0x0000000086b00000, 0x0000000086b00000|100%| O|Cm|TAMS 0x0000000086a00000| PB 0x0000000086a00000| Complete 
| 107|0x0000000086b00000, 0x0000000086b00000, 0x0000000086c00000|  0%| F|  |TAMS 0x0000000086b00000| PB 0x0000000086b00000| Untracked 
| 108|0x0000000086c00000, 0x0000000086d00000, 0x0000000086d00000|100%| O|  |TAMS 0x0000000086c00000| PB 0x0000000086c00000| Untracked 
| 109|0x0000000086d00000, 0x0000000086e00000, 0x0000000086e00000|100%| O|  |TAMS 0x0000000086d00000| PB 0x0000000086d00000| Untracked 
| 110|0x0000000086e00000, 0x0000000086f00000, 0x0000000086f00000|100%| O|Cm|TAMS 0x0000000086e00000| PB 0x0000000086e00000| Complete 
| 111|0x0000000086f00000, 0x0000000086f00000, 0x0000000087000000|  0%| F|  |TAMS 0x0000000086f00000| PB 0x0000000086f00000| Untracked 
| 112|0x0000000087000000, 0x0000000087000000, 0x0000000087100000|  0%| F|  |TAMS 0x0000000087000000| PB 0x0000000087000000| Untracked 
| 113|0x0000000087100000, 0x0000000087100000, 0x0000000087200000|  0%| F|  |TAMS 0x0000000087100000| PB 0x0000000087100000| Untracked 
| 114|0x0000000087200000, 0x0000000087300000, 0x0000000087300000|100%| O|  |TAMS 0x0000000087200000| PB 0x0000000087200000| Untracked 
| 115|0x0000000087300000, 0x0000000087400000, 0x0000000087400000|100%| O|  |TAMS 0x0000000087300000| PB 0x0000000087300000| Untracked 
| 116|0x0000000087400000, 0x0000000087500000, 0x0000000087500000|100%| O|  |TAMS 0x0000000087400000| PB 0x0000000087400000| Untracked 
| 117|0x0000000087500000, 0x0000000087600000, 0x0000000087600000|100%| O|  |TAMS 0x0000000087500000| PB 0x0000000087500000| Untracked 
| 118|0x0000000087600000, 0x0000000087700000, 0x0000000087700000|100%| O|  |TAMS 0x0000000087600000| PB 0x0000000087600000| Untracked 
| 119|0x0000000087700000, 0x0000000087700000, 0x0000000087800000|  0%| F|  |TAMS 0x0000000087700000| PB 0x0000000087700000| Untracked 
| 120|0x0000000087800000, 0x0000000087800000, 0x0000000087900000|  0%| F|  |TAMS 0x0000000087800000| PB 0x0000000087800000| Untracked 
| 121|0x0000000087900000, 0x0000000087900000, 0x0000000087a00000|  0%| F|  |TAMS 0x0000000087900000| PB 0x0000000087900000| Untracked 
| 122|0x0000000087a00000, 0x0000000087b00000, 0x0000000087b00000|100%| O|  |TAMS 0x0000000087a00000| PB 0x0000000087a00000| Untracked 
| 123|0x0000000087b00000, 0x0000000087c00000, 0x0000000087c00000|100%| O|  |TAMS 0x0000000087b00000| PB 0x0000000087b00000| Untracked 
| 124|0x0000000087c00000, 0x0000000087d00000, 0x0000000087d00000|100%| O|Cm|TAMS 0x0000000087c00000| PB 0x0000000087c00000| Complete 
| 125|0x0000000087d00000, 0x0000000087e00000, 0x0000000087e00000|100%| O|  |TAMS 0x0000000087d00000| PB 0x0000000087d00000| Untracked 
| 126|0x0000000087e00000, 0x0000000087e00000, 0x0000000087f00000|  0%| F|  |TAMS 0x0000000087e00000| PB 0x0000000087e00000| Untracked 
| 127|0x0000000087f00000, 0x0000000087f00000, 0x0000000088000000|  0%| F|  |TAMS 0x0000000087f00000| PB 0x0000000087f00000| Untracked 
| 128|0x0000000088000000, 0x0000000088100000, 0x0000000088100000|100%| O|Cm|TAMS 0x0000000088000000| PB 0x0000000088000000| Complete 
| 129|0x0000000088100000, 0x0000000088200000, 0x0000000088200000|100%| O|Cm|TAMS 0x0000000088100000| PB 0x0000000088100000| Complete 
| 130|0x0000000088200000, 0x0000000088300000, 0x0000000088300000|100%| O|Cm|TAMS 0x0000000088200000| PB 0x0000000088200000| Complete 
| 131|0x0000000088300000, 0x0000000088400000, 0x0000000088400000|100%| O|Cm|TAMS 0x0000000088300000| PB 0x0000000088300000| Complete 
| 132|0x0000000088400000, 0x0000000088500000, 0x0000000088500000|100%| O|Cm|TAMS 0x0000000088400000| PB 0x0000000088400000| Complete 
| 133|0x0000000088500000, 0x0000000088555d00, 0x0000000088600000| 33%| S|CS|TAMS 0x0000000088500000| PB 0x0000000088500000| Complete 
| 134|0x0000000088600000, 0x0000000088700000, 0x0000000088700000|100%| S|CS|TAMS 0x0000000088600000| PB 0x0000000088600000| Complete 
| 135|0x0000000088700000, 0x0000000088800000, 0x0000000088800000|100%| O|  |TAMS 0x0000000088700000| PB 0x0000000088700000| Untracked 
| 136|0x0000000088800000, 0x0000000088900000, 0x0000000088900000|100%| O|  |TAMS 0x0000000088800000| PB 0x0000000088800000| Untracked 
| 137|0x0000000088900000, 0x0000000088a00000, 0x0000000088a00000|100%| O|  |TAMS 0x0000000088900000| PB 0x0000000088900000| Untracked 
| 138|0x0000000088a00000, 0x0000000088b00000, 0x0000000088b00000|100%| O|  |TAMS 0x0000000088a00000| PB 0x0000000088a00000| Untracked 
| 139|0x0000000088b00000, 0x0000000088c00000, 0x0000000088c00000|100%| O|  |TAMS 0x0000000088b00000| PB 0x0000000088b00000| Untracked 
| 140|0x0000000088c00000, 0x0000000088d00000, 0x0000000088d00000|100%| O|  |TAMS 0x0000000088c00000| PB 0x0000000088c00000| Untracked 
| 141|0x0000000088d00000, 0x0000000088e00000, 0x0000000088e00000|100%| O|  |TAMS 0x0000000088d00000| PB 0x0000000088d00000| Untracked 
| 142|0x0000000088e00000, 0x0000000088f00000, 0x0000000088f00000|100%| O|  |TAMS 0x0000000088e00000| PB 0x0000000088e00000| Untracked 
| 143|0x0000000088f00000, 0x0000000089000000, 0x0000000089000000|100%| O|Cm|TAMS 0x0000000088f00000| PB 0x0000000088f00000| Complete 
| 144|0x0000000089000000, 0x0000000089100000, 0x0000000089100000|100%| S|CS|TAMS 0x0000000089000000| PB 0x0000000089000000| Complete 
| 145|0x0000000089100000, 0x0000000089200000, 0x0000000089200000|100%| S|CS|TAMS 0x0000000089100000| PB 0x0000000089100000| Complete 
| 146|0x0000000089200000, 0x0000000089300000, 0x0000000089300000|100%|HS|  |TAMS 0x0000000089200000| PB 0x0000000089200000| Complete 
| 147|0x0000000089300000, 0x0000000089400000, 0x0000000089400000|100%|HC|  |TAMS 0x0000000089300000| PB 0x0000000089300000| Complete 
| 148|0x0000000089400000, 0x0000000089500000, 0x0000000089500000|100%|HC|  |TAMS 0x0000000089400000| PB 0x0000000089400000| Complete 
| 149|0x0000000089500000, 0x0000000089600000, 0x0000000089600000|100%|HC|  |TAMS 0x0000000089500000| PB 0x0000000089500000| Complete 
| 150|0x0000000089600000, 0x0000000089700000, 0x0000000089700000|100%|HC|  |TAMS 0x0000000089600000| PB 0x0000000089600000| Complete 
| 151|0x0000000089700000, 0x0000000089800000, 0x0000000089800000|100%|HC|  |TAMS 0x0000000089700000| PB 0x0000000089700000| Complete 
| 152|0x0000000089800000, 0x0000000089900000, 0x0000000089900000|100%| S|CS|TAMS 0x0000000089800000| PB 0x0000000089800000| Complete 
| 153|0x0000000089900000, 0x0000000089a00000, 0x0000000089a00000|100%| S|CS|TAMS 0x0000000089900000| PB 0x0000000089900000| Complete 
| 154|0x0000000089a00000, 0x0000000089b00000, 0x0000000089b00000|100%| S|CS|TAMS 0x0000000089a00000| PB 0x0000000089a00000| Complete 
| 155|0x0000000089b00000, 0x0000000089c00000, 0x0000000089c00000|100%| S|CS|TAMS 0x0000000089b00000| PB 0x0000000089b00000| Complete 
| 156|0x0000000089c00000, 0x0000000089d00000, 0x0000000089d00000|100%| S|CS|TAMS 0x0000000089c00000| PB 0x0000000089c00000| Complete 
| 157|0x0000000089d00000, 0x0000000089e00000, 0x0000000089e00000|100%|HS|  |TAMS 0x0000000089d00000| PB 0x0000000089d00000| Complete 
| 158|0x0000000089e00000, 0x0000000089f00000, 0x0000000089f00000|100%|HC|  |TAMS 0x0000000089e00000| PB 0x0000000089e00000| Complete 
| 159|0x0000000089f00000, 0x000000008a000000, 0x000000008a000000|100%|HC|  |TAMS 0x0000000089f00000| PB 0x0000000089f00000| Complete 
| 160|0x000000008a000000, 0x000000008a100000, 0x000000008a100000|100%|HC|  |TAMS 0x000000008a000000| PB 0x000000008a000000| Complete 
| 161|0x000000008a100000, 0x000000008a100000, 0x000000008a200000|  0%| F|  |TAMS 0x000000008a100000| PB 0x000000008a100000| Untracked 
| 162|0x000000008a200000, 0x000000008a200000, 0x000000008a300000|  0%| F|  |TAMS 0x000000008a200000| PB 0x000000008a200000| Untracked 
| 163|0x000000008a300000, 0x000000008a300000, 0x000000008a400000|  0%| F|  |TAMS 0x000000008a300000| PB 0x000000008a300000| Untracked 
| 164|0x000000008a400000, 0x000000008a400000, 0x000000008a500000|  0%| F|  |TAMS 0x000000008a400000| PB 0x000000008a400000| Untracked 
| 165|0x000000008a500000, 0x000000008a500000, 0x000000008a600000|  0%| F|  |TAMS 0x000000008a500000| PB 0x000000008a500000| Untracked 
| 166|0x000000008a600000, 0x000000008a600000, 0x000000008a700000|  0%| F|  |TAMS 0x000000008a600000| PB 0x000000008a600000| Untracked 
| 167|0x000000008a700000, 0x000000008a700000, 0x000000008a800000|  0%| F|  |TAMS 0x000000008a700000| PB 0x000000008a700000| Untracked 
| 168|0x000000008a800000, 0x000000008a800000, 0x000000008a900000|  0%| F|  |TAMS 0x000000008a800000| PB 0x000000008a800000| Untracked 
| 169|0x000000008a900000, 0x000000008a900000, 0x000000008aa00000|  0%| F|  |TAMS 0x000000008a900000| PB 0x000000008a900000| Untracked 
| 170|0x000000008aa00000, 0x000000008aa00000, 0x000000008ab00000|  0%| F|  |TAMS 0x000000008aa00000| PB 0x000000008aa00000| Untracked 
| 171|0x000000008ab00000, 0x000000008ab00000, 0x000000008ac00000|  0%| F|  |TAMS 0x000000008ab00000| PB 0x000000008ab00000| Untracked 
| 172|0x000000008ac00000, 0x000000008ac00000, 0x000000008ad00000|  0%| F|  |TAMS 0x000000008ac00000| PB 0x000000008ac00000| Untracked 
| 173|0x000000008ad00000, 0x000000008ad00000, 0x000000008ae00000|  0%| F|  |TAMS 0x000000008ad00000| PB 0x000000008ad00000| Untracked 
| 174|0x000000008ae00000, 0x000000008ae00000, 0x000000008af00000|  0%| F|  |TAMS 0x000000008ae00000| PB 0x000000008ae00000| Untracked 
| 175|0x000000008af00000, 0x000000008af00000, 0x000000008b000000|  0%| F|  |TAMS 0x000000008af00000| PB 0x000000008af00000| Untracked 
| 176|0x000000008b000000, 0x000000008b000000, 0x000000008b100000|  0%| F|  |TAMS 0x000000008b000000| PB 0x000000008b000000| Untracked 
| 177|0x000000008b100000, 0x000000008b100000, 0x000000008b200000|  0%| F|  |TAMS 0x000000008b100000| PB 0x000000008b100000| Untracked 
| 178|0x000000008b200000, 0x000000008b200000, 0x000000008b300000|  0%| F|  |TAMS 0x000000008b200000| PB 0x000000008b200000| Untracked 
| 179|0x000000008b300000, 0x000000008b300000, 0x000000008b400000|  0%| F|  |TAMS 0x000000008b300000| PB 0x000000008b300000| Untracked 
| 180|0x000000008b400000, 0x000000008b400000, 0x000000008b500000|  0%| F|  |TAMS 0x000000008b400000| PB 0x000000008b400000| Untracked 
| 181|0x000000008b500000, 0x000000008b500000, 0x000000008b600000|  0%| F|  |TAMS 0x000000008b500000| PB 0x000000008b500000| Untracked 
| 182|0x000000008b600000, 0x000000008b600000, 0x000000008b700000|  0%| F|  |TAMS 0x000000008b600000| PB 0x000000008b600000| Untracked 
| 183|0x000000008b700000, 0x000000008b700000, 0x000000008b800000|  0%| F|  |TAMS 0x000000008b700000| PB 0x000000008b700000| Untracked 
| 184|0x000000008b800000, 0x000000008b800000, 0x000000008b900000|  0%| F|  |TAMS 0x000000008b800000| PB 0x000000008b800000| Untracked 
| 185|0x000000008b900000, 0x000000008b900000, 0x000000008ba00000|  0%| F|  |TAMS 0x000000008b900000| PB 0x000000008b900000| Untracked 
| 186|0x000000008ba00000, 0x000000008ba00000, 0x000000008bb00000|  0%| F|  |TAMS 0x000000008ba00000| PB 0x000000008ba00000| Untracked 
| 187|0x000000008bb00000, 0x000000008bb00000, 0x000000008bc00000|  0%| F|  |TAMS 0x000000008bb00000| PB 0x000000008bb00000| Untracked 
| 188|0x000000008bc00000, 0x000000008bc00000, 0x000000008bd00000|  0%| F|  |TAMS 0x000000008bc00000| PB 0x000000008bc00000| Untracked 
| 189|0x000000008bd00000, 0x000000008bd00000, 0x000000008be00000|  0%| F|  |TAMS 0x000000008bd00000| PB 0x000000008bd00000| Untracked 
| 190|0x000000008be00000, 0x000000008be00000, 0x000000008bf00000|  0%| F|  |TAMS 0x000000008be00000| PB 0x000000008be00000| Untracked 
| 191|0x000000008bf00000, 0x000000008bf00000, 0x000000008c000000|  0%| F|  |TAMS 0x000000008bf00000| PB 0x000000008bf00000| Untracked 
| 192|0x000000008c000000, 0x000000008c0cde68, 0x000000008c100000| 80%| E|  |TAMS 0x000000008c000000| PB 0x000000008c000000| Complete 
| 193|0x000000008c100000, 0x000000008c200000, 0x000000008c200000|100%| E|  |TAMS 0x000000008c100000| PB 0x000000008c100000| Complete 
| 194|0x000000008c200000, 0x000000008c300000, 0x000000008c300000|100%| E|CS|TAMS 0x000000008c200000| PB 0x000000008c200000| Complete 
| 195|0x000000008c300000, 0x000000008c400000, 0x000000008c400000|100%| E|CS|TAMS 0x000000008c300000| PB 0x000000008c300000| Complete 
| 196|0x000000008c400000, 0x000000008c500000, 0x000000008c500000|100%| E|CS|TAMS 0x000000008c400000| PB 0x000000008c400000| Complete 
| 197|0x000000008c500000, 0x000000008c600000, 0x000000008c600000|100%| E|CS|TAMS 0x000000008c500000| PB 0x000000008c500000| Complete 
| 198|0x000000008c600000, 0x000000008c700000, 0x000000008c700000|100%| E|CS|TAMS 0x000000008c600000| PB 0x000000008c600000| Complete 
| 199|0x000000008c700000, 0x000000008c800000, 0x000000008c800000|100%| E|CS|TAMS 0x000000008c700000| PB 0x000000008c700000| Complete 
| 200|0x000000008c800000, 0x000000008c900000, 0x000000008c900000|100%| E|CS|TAMS 0x000000008c800000| PB 0x000000008c800000| Complete 
| 201|0x000000008c900000, 0x000000008ca00000, 0x000000008ca00000|100%| E|CS|TAMS 0x000000008c900000| PB 0x000000008c900000| Complete 
| 202|0x000000008ca00000, 0x000000008cb00000, 0x000000008cb00000|100%| E|CS|TAMS 0x000000008ca00000| PB 0x000000008ca00000| Complete 
| 203|0x000000008cb00000, 0x000000008cc00000, 0x000000008cc00000|100%| E|CS|TAMS 0x000000008cb00000| PB 0x000000008cb00000| Complete 
| 204|0x000000008cc00000, 0x000000008cd00000, 0x000000008cd00000|100%| E|CS|TAMS 0x000000008cc00000| PB 0x000000008cc00000| Complete 
| 205|0x000000008cd00000, 0x000000008ce00000, 0x000000008ce00000|100%| E|CS|TAMS 0x000000008cd00000| PB 0x000000008cd00000| Complete 
| 206|0x000000008ce00000, 0x000000008cf00000, 0x000000008cf00000|100%| E|CS|TAMS 0x000000008ce00000| PB 0x000000008ce00000| Complete 
| 207|0x000000008cf00000, 0x000000008d000000, 0x000000008d000000|100%| E|CS|TAMS 0x000000008cf00000| PB 0x000000008cf00000| Complete 
| 208|0x000000008d000000, 0x000000008d100000, 0x000000008d100000|100%| E|CS|TAMS 0x000000008d000000| PB 0x000000008d000000| Complete 
| 209|0x000000008d100000, 0x000000008d200000, 0x000000008d200000|100%| E|CS|TAMS 0x000000008d100000| PB 0x000000008d100000| Complete 
| 210|0x000000008d200000, 0x000000008d300000, 0x000000008d300000|100%| E|CS|TAMS 0x000000008d200000| PB 0x000000008d200000| Complete 
| 211|0x000000008d300000, 0x000000008d400000, 0x000000008d400000|100%| E|CS|TAMS 0x000000008d300000| PB 0x000000008d300000| Complete 
| 212|0x000000008d400000, 0x000000008d500000, 0x000000008d500000|100%| E|CS|TAMS 0x000000008d400000| PB 0x000000008d400000| Complete 
| 213|0x000000008d500000, 0x000000008d600000, 0x000000008d600000|100%| E|CS|TAMS 0x000000008d500000| PB 0x000000008d500000| Complete 
| 214|0x000000008d600000, 0x000000008d700000, 0x000000008d700000|100%| E|CS|TAMS 0x000000008d600000| PB 0x000000008d600000| Complete 
| 215|0x000000008d700000, 0x000000008d800000, 0x000000008d800000|100%| E|CS|TAMS 0x000000008d700000| PB 0x000000008d700000| Complete 
| 219|0x000000008db00000, 0x000000008dc00000, 0x000000008dc00000|100%| E|CS|TAMS 0x000000008db00000| PB 0x000000008db00000| Complete 
| 220|0x000000008dc00000, 0x000000008dd00000, 0x000000008dd00000|100%| E|CS|TAMS 0x000000008dc00000| PB 0x000000008dc00000| Complete 
| 221|0x000000008dd00000, 0x000000008de00000, 0x000000008de00000|100%| E|CS|TAMS 0x000000008dd00000| PB 0x000000008dd00000| Complete 
| 222|0x000000008de00000, 0x000000008df00000, 0x000000008df00000|100%| E|CS|TAMS 0x000000008de00000| PB 0x000000008de00000| Complete 
| 223|0x000000008df00000, 0x000000008e000000, 0x000000008e000000|100%| E|CS|TAMS 0x000000008df00000| PB 0x000000008df00000| Complete 
| 224|0x000000008e000000, 0x000000008e100000, 0x000000008e100000|100%| E|CS|TAMS 0x000000008e000000| PB 0x000000008e000000| Complete 
| 225|0x000000008e100000, 0x000000008e200000, 0x000000008e200000|100%| E|CS|TAMS 0x000000008e100000| PB 0x000000008e100000| Complete 
| 226|0x000000008e200000, 0x000000008e300000, 0x000000008e300000|100%| E|CS|TAMS 0x000000008e200000| PB 0x000000008e200000| Complete 
| 251|0x000000008fb00000, 0x000000008fc00000, 0x000000008fc00000|100%| E|CS|TAMS 0x000000008fb00000| PB 0x000000008fb00000| Complete 
|2033|0x00000000ff100000, 0x00000000ff200000, 0x00000000ff200000|100%| E|CS|TAMS 0x00000000ff100000| PB 0x00000000ff100000| Complete 
|2034|0x00000000ff200000, 0x00000000ff300000, 0x00000000ff300000|100%| E|CS|TAMS 0x00000000ff200000| PB 0x00000000ff200000| Complete 
|2035|0x00000000ff300000, 0x00000000ff400000, 0x00000000ff400000|100%| E|CS|TAMS 0x00000000ff300000| PB 0x00000000ff300000| Complete 
|2036|0x00000000ff400000, 0x00000000ff500000, 0x00000000ff500000|100%| E|CS|TAMS 0x00000000ff400000| PB 0x00000000ff400000| Complete 
|2037|0x00000000ff500000, 0x00000000ff600000, 0x00000000ff600000|100%| E|CS|TAMS 0x00000000ff500000| PB 0x00000000ff500000| Complete 
|2038|0x00000000ff600000, 0x00000000ff700000, 0x00000000ff700000|100%| E|CS|TAMS 0x00000000ff600000| PB 0x00000000ff600000| Complete 
|2039|0x00000000ff700000, 0x00000000ff800000, 0x00000000ff800000|100%| E|CS|TAMS 0x00000000ff700000| PB 0x00000000ff700000| Complete 
|2040|0x00000000ff800000, 0x00000000ff900000, 0x00000000ff900000|100%| E|CS|TAMS 0x00000000ff800000| PB 0x00000000ff800000| Complete 
|2041|0x00000000ff900000, 0x00000000ffa00000, 0x00000000ffa00000|100%| O|  |TAMS 0x00000000ff900000| PB 0x00000000ff900000| Untracked 
|2042|0x00000000ffa00000, 0x00000000ffb00000, 0x00000000ffb00000|100%| E|CS|TAMS 0x00000000ffa00000| PB 0x00000000ffa00000| Complete 
|2043|0x00000000ffb00000, 0x00000000ffc00000, 0x00000000ffc00000|100%| E|CS|TAMS 0x00000000ffb00000| PB 0x00000000ffb00000| Complete 
|2044|0x00000000ffc00000, 0x00000000ffd00000, 0x00000000ffd00000|100%| E|CS|TAMS 0x00000000ffc00000| PB 0x00000000ffc00000| Complete 
|2045|0x00000000ffd00000, 0x00000000ffe00000, 0x00000000ffe00000|100%| O|  |TAMS 0x00000000ffd00000| PB 0x00000000ffd00000| Untracked 
|2046|0x00000000ffe00000, 0x00000000fff00000, 0x00000000fff00000|100%| O|  |TAMS 0x00000000ffe00000| PB 0x00000000ffe00000| Untracked 
|2047|0x00000000fff00000, 0x0000000100000000, 0x0000000100000000|100%| E|CS|TAMS 0x00000000fff00000| PB 0x00000000fff00000| Complete 

Card table byte_map: [0x0000017d1b9c0000,0x0000017d1bdc0000] _byte_map_base: 0x0000017d1b5c0000

Marking Bits: (CMBitMap*) 0x0000017d09183790
 Bits: [0x0000017d1bdc0000, 0x0000017d1ddc0000)

Polling page: 0x0000017d07080000

Metaspace:

Usage:
  Non-class:    111.00 MB used.
      Class:     16.93 MB used.
       Both:    127.93 MB used.

Virtual space:
  Non-class space:      128.00 MB reserved,     112.19 MB ( 88%) committed,  2 nodes.
      Class space:        1.00 GB reserved,      18.12 MB (  2%) committed,  1 nodes.
             Both:        1.12 GB reserved,     130.31 MB ( 11%) committed. 

Chunk freelists:
   Non-Class:  15.61 MB
       Class:  13.78 MB
        Both:  29.39 MB

MaxMetaspaceSize: unlimited
CompressedClassSpaceSize: 1.00 GB
Initial GC threshold: 21.00 MB
Current GC threshold: 212.81 MB
CDS: off
 - commit_granule_bytes: 65536.
 - commit_granule_words: 8192.
 - virtual_space_node_default_size: 8388608.
 - enlarge_chunks_in_place: 1.
 - use_allocation_guard: 0.


Internal statistics:

num_allocs_failed_limit: 12.
num_arena_births: 4652.
num_arena_deaths: 0.
num_vsnodes_births: 3.
num_vsnodes_deaths: 0.
num_space_committed: 2084.
num_space_uncommitted: 0.
num_chunks_returned_to_freelist: 12.
num_chunks_taken_from_freelist: 10425.
num_chunk_merges: 12.
num_chunk_splits: 6673.
num_chunks_enlarged: 4083.
num_inconsistent_stats: 0.

CodeHeap 'non-profiled nmethods': size=120000Kb used=10733Kb max_used=10950Kb free=109266Kb
 bounds [0x0000017d13d50000, 0x0000017d14820000, 0x0000017d1b280000]
CodeHeap 'profiled nmethods': size=120000Kb used=24634Kb max_used=28078Kb free=95365Kb
 bounds [0x0000017d0c280000, 0x0000017d0ddf0000, 0x0000017d137b0000]
CodeHeap 'non-nmethods': size=5760Kb used=3265Kb max_used=3300Kb free=2494Kb
 bounds [0x0000017d137b0000, 0x0000017d13b00000, 0x0000017d13d50000]
 total_blobs=14129 nmethods=13063 adapters=969
 compilation: enabled
              stopped_count=0, restarted_count=0
 full_count=0

Compilation events (20 events):
Event: 442.465 Thread 0x0000017d20ab8480 nmethod 19637 0x0000017d0ca9c510 code [0x0000017d0ca9c760, 0x0000017d0ca9d0e8]
Event: 442.465 Thread 0x0000017d20ab8480 19641       3       org.codehaus.groovy.reflection.CachedMethod::compareToMethod (125 bytes)
Event: 442.466 Thread 0x0000017d20ab8480 nmethod 19641 0x0000017d0d749710 code [0x0000017d0d749a00, 0x0000017d0d74a7d8]
Event: 442.466 Thread 0x0000017d20ab8480 19652       3       groovy.lang.MetaClassImpl::establishStaticMetaProperty (262 bytes)
Event: 442.467 Thread 0x0000017d20ab8480 nmethod 19652 0x0000017d0cecce90 code [0x0000017d0cecd160, 0x0000017d0cece800]
Event: 442.467 Thread 0x0000017d20ab8480 19644       3       groovy.lang.MetaClassImpl$$Lambda/0x0000000100618de0::apply (12 bytes)
Event: 442.467 Thread 0x0000017d20ab8480 nmethod 19644 0x0000017d0d1e2290 code [0x0000017d0d1e24c0, 0x0000017d0d1e2b80]
Event: 442.467 Thread 0x0000017d20ab8480 19645       3       groovy.lang.MetaClassImpl::lambda$getPropName$5 (27 bytes)
Event: 442.467 Thread 0x0000017d20ab8480 nmethod 19645 0x0000017d0d3fee90 code [0x0000017d0d3ff0c0, 0x0000017d0d3ff618]
Event: 442.468 Thread 0x0000017d20ab8480 19646       3       org.apache.groovy.util.BeanUtils::decapitalize (68 bytes)
Event: 442.468 Thread 0x0000017d20ab8480 nmethod 19646 0x0000017d0c58a490 code [0x0000017d0c58a800, 0x0000017d0c58bc88]
Event: 442.468 Thread 0x0000017d20ab8480 19643       3       org.codehaus.groovy.reflection.CachedMethod::find (30 bytes)
Event: 442.469 Thread 0x0000017d20ab8480 nmethod 19643 0x0000017d0ce62610 code [0x0000017d0ce62840, 0x0000017d0ce63130]
Event: 442.469 Thread 0x0000017d20ab8480 19649       3       org.codehaus.groovy.util.ComplexKeyHashMap::<init> (11 bytes)
Event: 442.469 Thread 0x0000017d20ab8480 nmethod 19649 0x0000017d0d4d6890 code [0x0000017d0d4d6a40, 0x0000017d0d4d6d70]
Event: 442.469 Thread 0x0000017d20ab8480 19648       3       org.codehaus.groovy.util.SingleKeyHashMap::<init> (5 bytes)
Event: 442.469 Thread 0x0000017d20ab8480 nmethod 19648 0x0000017d0d9a6d90 code [0x0000017d0d9a6f40, 0x0000017d0d9a72d0]
Event: 442.469 Thread 0x0000017d20ab8480 19642  s!   3       java.beans.PropertyDescriptor::getPropertyType (33 bytes)
Event: 442.470 Thread 0x0000017d20ab8480 nmethod 19642 0x0000017d0cb2b210 code [0x0000017d0cb2b460, 0x0000017d0cb2be10]
Event: 442.470 Thread 0x0000017d20ab8480 19640       1       groovy.lang.MetaProperty::getName (5 bytes)

GC Heap History (20 events):
Event: 13.225 GC heap before
{Heap before GC invocations=41 (full 0):
 garbage-first heap   total 227328K, used 193030K [0x0000000080000000, 0x0000000100000000)
  region size 1024K, 55 young (56320K), 4 survivors (4096K)
 Metaspace       used 117882K, committed 120192K, reserved 1179648K
  class space    used 15912K, committed 17088K, reserved 1048576K
}
Event: 13.229 GC heap after
{Heap after GC invocations=42 (full 0):
 garbage-first heap   total 227328K, used 145070K [0x0000000080000000, 0x0000000100000000)
  region size 1024K, 7 young (7168K), 7 survivors (7168K)
 Metaspace       used 117882K, committed 120192K, reserved 1179648K
  class space    used 15912K, committed 17088K, reserved 1048576K
}
Event: 15.472 GC heap before
{Heap before GC invocations=43 (full 0):
 garbage-first heap   total 242688K, used 197294K [0x0000000080000000, 0x0000000100000000)
  region size 1024K, 59 young (60416K), 7 survivors (7168K)
 Metaspace       used 119704K, committed 121984K, reserved 1179648K
  class space    used 16147K, committed 17280K, reserved 1048576K
}
Event: 15.480 GC heap after
{Heap after GC invocations=44 (full 0):
 garbage-first heap   total 242688K, used 149287K [0x0000000080000000, 0x0000000100000000)
  region size 1024K, 6 young (6144K), 6 survivors (6144K)
 Metaspace       used 119704K, committed 121984K, reserved 1179648K
  class space    used 16147K, committed 17280K, reserved 1048576K
}
Event: 118.319 GC heap before
{Heap before GC invocations=44 (full 0):
 garbage-first heap   total 242688K, used 210727K [0x0000000080000000, 0x0000000100000000)
  region size 1024K, 67 young (68608K), 6 survivors (6144K)
 Metaspace       used 120812K, committed 123072K, reserved 1179648K
  class space    used 16264K, committed 17408K, reserved 1048576K
}
Event: 118.328 GC heap after
{Heap after GC invocations=45 (full 0):
 garbage-first heap   total 242688K, used 143846K [0x0000000080000000, 0x0000000100000000)
  region size 1024K, 8 young (8192K), 8 survivors (8192K)
 Metaspace       used 120812K, committed 123072K, reserved 1179648K
  class space    used 16264K, committed 17408K, reserved 1048576K
}
Event: 118.515 GC heap before
{Heap before GC invocations=45 (full 0):
 garbage-first heap   total 242688K, used 163302K [0x0000000080000000, 0x0000000100000000)
  region size 1024K, 29 young (29696K), 8 survivors (8192K)
 Metaspace       used 120986K, committed 123264K, reserved 1179648K
  class space    used 16265K, committed 17408K, reserved 1048576K
}
Event: 118.521 GC heap after
{Heap after GC invocations=46 (full 0):
 garbage-first heap   total 242688K, used 146688K [0x0000000080000000, 0x0000000100000000)
  region size 1024K, 3 young (3072K), 3 survivors (3072K)
 Metaspace       used 120986K, committed 123264K, reserved 1179648K
  class space    used 16265K, committed 17408K, reserved 1048576K
}
Event: 119.018 GC heap before
{Heap before GC invocations=47 (full 0):
 garbage-first heap   total 242688K, used 223488K [0x0000000080000000, 0x0000000100000000)
  region size 1024K, 68 young (69632K), 3 survivors (3072K)
 Metaspace       used 121142K, committed 123392K, reserved 1179648K
  class space    used 16269K, committed 17408K, reserved 1048576K
}
Event: 119.021 GC heap after
{Heap after GC invocations=48 (full 0):
 garbage-first heap   total 242688K, used 140800K [0x0000000080000000, 0x0000000100000000)
  region size 1024K, 4 young (4096K), 4 survivors (4096K)
 Metaspace       used 121142K, committed 123392K, reserved 1179648K
  class space    used 16269K, committed 17408K, reserved 1048576K
}
Event: 250.296 GC heap before
{Heap before GC invocations=48 (full 0):
 garbage-first heap   total 242688K, used 217600K [0x0000000080000000, 0x0000000100000000)
  region size 1024K, 80 young (81920K), 4 survivors (4096K)
 Metaspace       used 121645K, committed 123904K, reserved 1179648K
  class space    used 16283K, committed 17408K, reserved 1048576K
}
Event: 250.303 GC heap after
{Heap after GC invocations=49 (full 0):
 garbage-first heap   total 242688K, used 142067K [0x0000000080000000, 0x0000000100000000)
  region size 1024K, 10 young (10240K), 10 survivors (10240K)
 Metaspace       used 121645K, committed 123904K, reserved 1179648K
  class space    used 16283K, committed 17408K, reserved 1048576K
}
Event: 250.446 GC heap before
{Heap before GC invocations=49 (full 0):
 garbage-first heap   total 242688K, used 159475K [0x0000000080000000, 0x0000000100000000)
  region size 1024K, 29 young (29696K), 10 survivors (10240K)
 Metaspace       used 121709K, committed 123968K, reserved 1179648K
  class space    used 16283K, committed 17408K, reserved 1048576K
}
Event: 250.452 GC heap after
{Heap after GC invocations=50 (full 0):
 garbage-first heap   total 242688K, used 145078K [0x0000000080000000, 0x0000000100000000)
  region size 1024K, 3 young (3072K), 3 survivors (3072K)
 Metaspace       used 121709K, committed 123968K, reserved 1179648K
  class space    used 16283K, committed 17408K, reserved 1048576K
}
Event: 251.622 GC heap before
{Heap before GC invocations=51 (full 0):
 garbage-first heap   total 245760K, used 234166K [0x0000000080000000, 0x0000000100000000)
  region size 1024K, 74 young (75776K), 3 survivors (3072K)
 Metaspace       used 121918K, committed 124224K, reserved 1179648K
  class space    used 16289K, committed 17408K, reserved 1048576K
}
Event: 251.627 GC heap after
{Heap after GC invocations=52 (full 0):
 garbage-first heap   total 245760K, used 149364K [0x0000000080000000, 0x0000000100000000)
  region size 1024K, 8 young (8192K), 8 survivors (8192K)
 Metaspace       used 121918K, committed 124224K, reserved 1179648K
  class space    used 16289K, committed 17408K, reserved 1048576K
}
Event: 252.158 GC heap before
{Heap before GC invocations=52 (full 0):
 garbage-first heap   total 245760K, used 223092K [0x0000000080000000, 0x0000000100000000)
  region size 1024K, 79 young (80896K), 8 survivors (8192K)
 Metaspace       used 125007K, committed 127296K, reserved 1179648K
  class space    used 16502K, committed 17664K, reserved 1048576K
}
Event: 252.168 GC heap after
{Heap after GC invocations=53 (full 0):
 garbage-first heap   total 245760K, used 143315K [0x0000000080000000, 0x0000000100000000)
  region size 1024K, 9 young (9216K), 9 survivors (9216K)
 Metaspace       used 125007K, committed 127296K, reserved 1179648K
  class space    used 16502K, committed 17664K, reserved 1048576K
}
Event: 252.759 GC heap before
{Heap before GC invocations=53 (full 0):
 garbage-first heap   total 245760K, used 221139K [0x0000000080000000, 0x0000000100000000)
  region size 1024K, 86 young (88064K), 9 survivors (9216K)
 Metaspace       used 128355K, committed 130624K, reserved 1179648K
  class space    used 16916K, committed 18048K, reserved 1048576K
}
Event: 252.765 GC heap after
{Heap after GC invocations=54 (full 0):
 garbage-first heap   total 245760K, used 146412K [0x0000000080000000, 0x0000000100000000)
  region size 1024K, 9 young (9216K), 9 survivors (9216K)
 Metaspace       used 128355K, committed 130624K, reserved 1179648K
  class space    used 16916K, committed 18048K, reserved 1048576K
}

Dll operation events (3 events):
Event: 0.006 Loaded shared library D:\android-studio\1\jbr\bin\java.dll
Event: 0.013 Loaded shared library D:\android-studio\1\jbr\bin\zip.dll
Event: 0.367 Loaded shared library D:\android-studio\1\jbr\bin\verify.dll

Deoptimization events (20 events):
Event: 442.307 Thread 0x0000017d2b696e10 Uncommon trap: trap_request=0xffffffde fr.pc=0x0000017d147e1ba8 relative=0x0000000000000a28
Event: 442.307 Thread 0x0000017d2b696e10 Uncommon trap: reason=class_check action=maybe_recompile pc=0x0000017d147e1ba8 method=com.google.common.cache.LocalCache$Segment.get(Ljava/lang/Object;I)Ljava/lang/Object; @ 49 c2
Event: 442.307 Thread 0x0000017d2b696e10 DEOPT PACKING pc=0x0000017d147e1ba8 sp=0x000000728c6fabf0
Event: 442.307 Thread 0x0000017d2b696e10 DEOPT UNPACKING pc=0x0000017d13807da2 sp=0x000000728c6fab20 mode 2
Event: 442.308 Thread 0x0000017d2b696e10 Uncommon trap: trap_request=0xffffffde fr.pc=0x0000017d147e4df4 relative=0x00000000000007b4
Event: 442.308 Thread 0x0000017d2b696e10 Uncommon trap: reason=class_check action=maybe_recompile pc=0x0000017d147e4df4 method=com.google.common.cache.LocalCache$Segment.get(Ljava/lang/Object;I)Ljava/lang/Object; @ 49 c2
Event: 442.308 Thread 0x0000017d2b696e10 DEOPT PACKING pc=0x0000017d147e4df4 sp=0x000000728c6fa700
Event: 442.308 Thread 0x0000017d2b696e10 DEOPT UNPACKING pc=0x0000017d13807da2 sp=0x000000728c6fa6c0 mode 2
Event: 442.380 Thread 0x0000017d2b696e10 Uncommon trap: trap_request=0xffffff45 fr.pc=0x0000017d1428422c relative=0x0000000000000cac
Event: 442.380 Thread 0x0000017d2b696e10 Uncommon trap: reason=unstable_if action=reinterpret pc=0x0000017d1428422c method=java.util.regex.Pattern.sequence(Ljava/util/regex/Pattern$Node;)Ljava/util/regex/Pattern$Node; @ 144 c2
Event: 442.380 Thread 0x0000017d2b696e10 DEOPT PACKING pc=0x0000017d1428422c sp=0x000000728c6fc170
Event: 442.380 Thread 0x0000017d2b696e10 DEOPT UNPACKING pc=0x0000017d13807da2 sp=0x000000728c6fc110 mode 2
Event: 442.423 Thread 0x0000017d2b696e10 Uncommon trap: trap_request=0xffffffd6 fr.pc=0x0000017d142d3df8 relative=0x0000000000000438
Event: 442.423 Thread 0x0000017d2b696e10 Uncommon trap: reason=array_check action=maybe_recompile pc=0x0000017d142d3df8 method=java.util.Arrays.fill([Ljava/lang/Object;IILjava/lang/Object;)V @ 20 c2
Event: 442.423 Thread 0x0000017d2b696e10 DEOPT PACKING pc=0x0000017d142d3df8 sp=0x000000728c6f9b70
Event: 442.423 Thread 0x0000017d2b696e10 DEOPT UNPACKING pc=0x0000017d13807da2 sp=0x000000728c6f9b38 mode 2
Event: 442.430 Thread 0x0000017d2b696e10 Uncommon trap: trap_request=0xffffffc6 fr.pc=0x0000017d14295ec8 relative=0x0000000000008648
Event: 442.430 Thread 0x0000017d2b696e10 Uncommon trap: reason=bimorphic_or_optimized_type_check action=maybe_recompile pc=0x0000017d14295ec8 method=jdk.internal.loader.Resource.getBytes()[B @ 117 c2
Event: 442.430 Thread 0x0000017d2b696e10 DEOPT PACKING pc=0x0000017d14295ec8 sp=0x000000728c6fa130
Event: 442.430 Thread 0x0000017d2b696e10 DEOPT UNPACKING pc=0x0000017d13807da2 sp=0x000000728c6fa088 mode 2

Classes loaded (20 events):
Event: 283.301 Loading class java/lang/StackStreamFactory
Event: 283.301 Loading class java/lang/StackStreamFactory done
Event: 283.301 Loading class java/lang/StackWalker$ExtendedOption
Event: 283.302 Loading class java/lang/StackWalker$ExtendedOption done
Event: 283.302 Loading class java/lang/StackStreamFactory$StackFrameTraverser
Event: 283.302 Loading class java/lang/StackStreamFactory$StackFrameTraverser done
Event: 283.302 Loading class java/lang/StackStreamFactory$WalkerState
Event: 283.303 Loading class java/lang/StackStreamFactory$WalkerState done
Event: 283.303 Loading class java/lang/StackStreamFactory$StackFrameTraverser$StackFrameBuffer
Event: 283.303 Loading class java/lang/StackStreamFactory$FrameBuffer
Event: 283.303 Loading class java/lang/StackStreamFactory$FrameBuffer done
Event: 283.303 Loading class java/lang/StackStreamFactory$StackFrameTraverser$StackFrameBuffer done
Event: 283.304 Loading class java/util/stream/SliceOps
Event: 283.305 Loading class java/util/stream/SliceOps done
Event: 283.305 Loading class java/util/stream/SliceOps$1
Event: 283.305 Loading class java/util/stream/SliceOps$1 done
Event: 283.309 Loading class java/util/stream/SliceOps$1$1
Event: 283.309 Loading class java/util/stream/SliceOps$1$1 done
Event: 442.392 Loading class java/util/concurrent/Executors$AutoShutdownDelegatedExecutorService
Event: 442.392 Loading class java/util/concurrent/Executors$AutoShutdownDelegatedExecutorService done

Classes unloaded (0 events):
No events

Classes redefined (0 events):
No events

Internal exceptions (20 events):
Event: 442.366 Thread 0x0000017d2b696e10 Exception <a 'java/lang/NoSuchMethodError'{0x000000008c7db700}: static Lcom/intellij/gradle/toolingExtension/impl/model/sourceSetDependencyModel/GradleSourceSetDependencyModelProvider;.<clinit>()V> (0x000000008c7db700) 
thrown [s\src\hotspot\share\prims\jni.cpp, line 1139]
Event: 442.368 Thread 0x0000017d2b696e10 Exception <a 'java/lang/NoSuchMethodError'{0x000000008c603008}: static Lorg/jetbrains/plugins/gradle/model/ExternalProjectDependency;.<clinit>()V> (0x000000008c603008) 
thrown [s\src\hotspot\share\prims\jni.cpp, line 1139]
Event: 442.368 Thread 0x0000017d2b696e10 Exception <a 'java/lang/NoSuchMethodError'{0x000000008c612908}: static Lorg/jetbrains/plugins/gradle/model/ExternalLibraryDependency;.<clinit>()V> (0x000000008c612908) 
thrown [s\src\hotspot\share\prims\jni.cpp, line 1139]
Event: 442.369 Thread 0x0000017d2b696e10 Exception <a 'java/lang/NoSuchMethodError'{0x000000008c621c00}: static Lorg/jetbrains/plugins/gradle/model/FileCollectionDependency;.<clinit>()V> (0x000000008c621c00) 
thrown [s\src\hotspot\share\prims\jni.cpp, line 1139]
Event: 442.369 Thread 0x0000017d2b696e10 Exception <a 'java/lang/NoSuchMethodError'{0x000000008c630d60}: static Lorg/jetbrains/plugins/gradle/model/UnresolvedExternalDependency;.<clinit>()V> (0x000000008c630d60) 
thrown [s\src\hotspot\share\prims\jni.cpp, line 1139]
Event: 442.373 Thread 0x0000017d2b696e10 Exception <a 'java/lang/NoSuchMethodError'{0x000000008c6e4570}: static Lorg/gradle/tooling/internal/consumer/versioning/VersionDetails;.<clinit>()V> (0x000000008c6e4570) 
thrown [s\src\hotspot\share\prims\jni.cpp, line 1139]
Event: 442.373 Thread 0x0000017d2b696e10 Exception <a 'java/lang/NoSuchMethodError'{0x000000008c6e7260}: static Lorg/gradle/tooling/internal/consumer/versioning/VersionDetails$R26VersionDetails;.<clinit>()V> (0x000000008c6e7260) 
thrown [s\src\hotspot\share\prims\jni.cpp, line 1139]
Event: 442.373 Thread 0x0000017d2b696e10 Exception <a 'java/lang/NoSuchMethodError'{0x000000008c6e8878}: static Lorg/gradle/tooling/internal/consumer/versioning/VersionDetails$R28VersionDetails;.<clinit>()V> (0x000000008c6e8878) 
thrown [s\src\hotspot\share\prims\jni.cpp, line 1139]
Event: 442.373 Thread 0x0000017d2b696e10 Exception <a 'java/lang/NoSuchMethodError'{0x000000008c6e9de0}: static Lorg/gradle/tooling/internal/consumer/versioning/VersionDetails$R35VersionDetails;.<clinit>()V> (0x000000008c6e9de0) 
thrown [s\src\hotspot\share\prims\jni.cpp, line 1139]
Event: 442.373 Thread 0x0000017d2b696e10 Exception <a 'java/lang/NoSuchMethodError'{0x000000008c6eb510}: static Lorg/gradle/tooling/internal/consumer/versioning/VersionDetails$R44VersionDetails;.<clinit>()V> (0x000000008c6eb510) 
thrown [s\src\hotspot\share\prims\jni.cpp, line 1139]
Event: 442.373 Thread 0x0000017d2b696e10 Exception <a 'java/lang/NoSuchMethodError'{0x000000008c6ecb78}: static Lorg/gradle/tooling/internal/consumer/versioning/VersionDetails$R48VersionDetails;.<clinit>()V> (0x000000008c6ecb78) 
thrown [s\src\hotspot\share\prims\jni.cpp, line 1139]
Event: 442.373 Thread 0x0000017d2b696e10 Exception <a 'java/lang/NoSuchMethodError'{0x000000008c6eddd0}: static Lorg/gradle/tooling/internal/consumer/versioning/VersionDetails$R51VersionDetails;.<clinit>()V> (0x000000008c6eddd0) 
thrown [s\src\hotspot\share\prims\jni.cpp, line 1139]
Event: 442.436 Thread 0x0000017d2b696e10 Exception <a 'java/lang/ClassNotFoundException'{0x000000008c258438}: ijMapper1_4ihqlvlx3fnhtf3ur7pzbo2i1BeanInfo> (0x000000008c258438) 
thrown [s\src\hotspot\share\classfile\systemDictionary.cpp, line 312]
Event: 442.436 Thread 0x0000017d2b696e10 Exception <a 'java/lang/ClassNotFoundException'{0x000000008c261e60}: org/gradle/initialization/InitScriptBeanInfo> (0x000000008c261e60) 
thrown [s\src\hotspot\share\classfile\systemDictionary.cpp, line 312]
Event: 442.436 Thread 0x0000017d2b696e10 Exception <a 'java/lang/ClassNotFoundException'{0x000000008c26b608}: org/gradle/initialization/InitScriptCustomizer> (0x000000008c26b608) 
thrown [s\src\hotspot\share\classfile\systemDictionary.cpp, line 312]
Event: 442.437 Thread 0x0000017d2b696e10 Exception <a 'java/lang/ClassNotFoundException'{0x000000008c27aab8}: ijMapper1_4ihqlvlx3fnhtf3ur7pzbo2i1Customizer> (0x000000008c27aab8) 
thrown [s\src\hotspot\share\classfile\systemDictionary.cpp, line 312]
Event: 442.445 Thread 0x0000017d2b696e10 Exception <a 'java/lang/ClassNotFoundException'{0x000000008c122658}: org/gradle/invocation/DefaultGradle_DecoratedBeanInfo> (0x000000008c122658) 
thrown [s\src\hotspot\share\classfile\systemDictionary.cpp, line 312]
Event: 442.445 Thread 0x0000017d2b696e10 Exception <a 'java/lang/ClassNotFoundException'{0x000000008c131c78}: org/gradle/invocation/DefaultGradleBeanInfo> (0x000000008c131c78) 
thrown [s\src\hotspot\share\classfile\systemDictionary.cpp, line 312]
Event: 442.445 Thread 0x0000017d2b696e10 Exception <a 'java/lang/ClassNotFoundException'{0x000000008c141030}: org/gradle/invocation/DefaultGradleCustomizer> (0x000000008c141030) 
thrown [s\src\hotspot\share\classfile\systemDictionary.cpp, line 312]
Event: 442.448 Thread 0x0000017d2b696e10 Exception <a 'java/lang/ClassNotFoundException'{0x000000008c1874c0}: org/gradle/invocation/DefaultGradle_DecoratedCustomizer> (0x000000008c1874c0) 
thrown [s\src\hotspot\share\classfile\systemDictionary.cpp, line 312]

ZGC Phase Switch (0 events):
No events

VM Operations (20 events):
Event: 322.579 Executing VM operation: Cleanup
Event: 322.579 Executing VM operation: Cleanup done
Event: 374.601 Executing VM operation: Cleanup
Event: 374.601 Executing VM operation: Cleanup done
Event: 375.601 Executing VM operation: Cleanup
Event: 375.601 Executing VM operation: Cleanup done
Event: 401.612 Executing VM operation: Cleanup
Event: 401.612 Executing VM operation: Cleanup done
Event: 422.619 Executing VM operation: Cleanup
Event: 422.619 Executing VM operation: Cleanup done
Event: 436.626 Executing VM operation: Cleanup
Event: 436.626 Executing VM operation: Cleanup done
Event: 438.627 Executing VM operation: Cleanup
Event: 438.627 Executing VM operation: Cleanup done
Event: 439.628 Executing VM operation: Cleanup
Event: 439.628 Executing VM operation: Cleanup done
Event: 442.244 Executing VM operation: HandshakeAllThreads (Deoptimize)
Event: 442.245 Executing VM operation: HandshakeAllThreads (Deoptimize) done
Event: 442.247 Executing VM operation: HandshakeAllThreads (Deoptimize)
Event: 442.247 Executing VM operation: HandshakeAllThreads (Deoptimize) done

Memory protections (0 events):
No events

Nmethod flushes (20 events):
Event: 252.850 Thread 0x0000017d209e2a30 flushing  nmethod 0x0000017d0d644a10
Event: 252.850 Thread 0x0000017d209e2a30 flushing  nmethod 0x0000017d0d650090
Event: 252.850 Thread 0x0000017d209e2a30 flushing  nmethod 0x0000017d0d667b90
Event: 252.850 Thread 0x0000017d209e2a30 flushing  nmethod 0x0000017d0d668290
Event: 252.850 Thread 0x0000017d209e2a30 flushing  nmethod 0x0000017d0d668910
Event: 252.850 Thread 0x0000017d209e2a30 flushing  nmethod 0x0000017d0d6f3890
Event: 252.850 Thread 0x0000017d209e2a30 flushing  nmethod 0x0000017d0d74a290
Event: 252.850 Thread 0x0000017d209e2a30 flushing  nmethod 0x0000017d0d74a790
Event: 252.850 Thread 0x0000017d209e2a30 flushing  nmethod 0x0000017d0d789290
Event: 252.850 Thread 0x0000017d209e2a30 flushing  nmethod 0x0000017d0d78cd90
Event: 252.850 Thread 0x0000017d209e2a30 flushing  nmethod 0x0000017d0d78d790
Event: 252.850 Thread 0x0000017d209e2a30 flushing  nmethod 0x0000017d0d790d10
Event: 252.850 Thread 0x0000017d209e2a30 flushing  nmethod 0x0000017d0d79d890
Event: 252.850 Thread 0x0000017d209e2a30 flushing  nmethod 0x0000017d0d79df90
Event: 252.850 Thread 0x0000017d209e2a30 flushing  nmethod 0x0000017d0d7a3090
Event: 252.850 Thread 0x0000017d209e2a30 flushing  nmethod 0x0000017d0d81dd90
Event: 252.850 Thread 0x0000017d209e2a30 flushing  nmethod 0x0000017d0db65710
Event: 252.850 Thread 0x0000017d209e2a30 flushing  nmethod 0x0000017d0db67290
Event: 252.850 Thread 0x0000017d209e2a30 flushing  nmethod 0x0000017d0db81b10
Event: 252.850 Thread 0x0000017d209e2a30 flushing  nmethod 0x0000017d0dbf9110

Events (20 events):
Event: 320.525 Thread 0x0000017d2c666e30 Thread exited: 0x0000017d2c666e30
Event: 320.548 Thread 0x0000017d2b696780 Thread exited: 0x0000017d2b696780
Event: 435.898 Thread 0x0000017d26c97410 Thread added: 0x0000017d2b699c00
Event: 435.898 Thread 0x0000017d2b699c00 Thread added: 0x0000017d2b69a290
Event: 435.905 Thread 0x0000017d2b69a290 Thread exited: 0x0000017d2b69a290
Event: 438.621 Thread 0x0000017d2b699c00 Thread added: 0x0000017d2b69a290
Event: 438.630 Thread 0x0000017d2b699c00 Thread added: 0x0000017d2b696780
Event: 438.632 Thread 0x0000017d2b699c00 Thread added: 0x0000017d2b696e10
Event: 438.635 Thread 0x0000017d2b696e10 Thread added: 0x0000017d2b69a920
Event: 438.635 Thread 0x0000017d2b696e10 Thread added: 0x0000017d2b699570
Event: 438.635 Thread 0x0000017d2b696e10 Thread added: 0x0000017d2b6974a0
Event: 438.645 Thread 0x0000017d2b696e10 Thread added: 0x0000017d2b697b30
Event: 438.647 Thread 0x0000017d2b696e10 Thread added: 0x0000017d2b6981c0
Event: 442.256 Thread 0x0000017d2b696e10 Thread added: 0x0000017d2b698850
Event: 442.256 Thread 0x0000017d2b696e10 Thread added: 0x0000017d2b698ee0
Event: 442.259 Thread 0x0000017d20a939d0 Thread added: 0x0000017d26ff08e0
Event: 442.412 Thread 0x0000017d2b696e10 Thread added: 0x0000017d2c2d6fc0
Event: 442.415 Thread 0x0000017d2b696e10 Thread added: 0x0000017d2c2d9db0
Event: 442.417 Thread 0x0000017d2b696e10 Thread added: 0x0000017d2c2d5c10
Event: 442.433 Thread 0x0000017d20ab8480 Thread added: 0x0000017d26feb050


Dynamic libraries:
0x00007ff7b7630000 - 0x00007ff7b763a000 	D:\android-studio\1\jbr\bin\java.exe
0x00007ffd040f0000 - 0x00007ffd042e8000 	C:\Windows\SYSTEM32\ntdll.dll
0x00007ffd02880000 - 0x00007ffd02942000 	C:\Windows\System32\KERNEL32.DLL
0x00007ffd018c0000 - 0x00007ffd01bbf000 	C:\Windows\System32\KERNELBASE.dll
0x00007ffd017c0000 - 0x00007ffd018c0000 	C:\Windows\System32\ucrtbase.dll
0x00007ffcc5da0000 - 0x00007ffcc5db8000 	D:\android-studio\1\jbr\bin\jli.dll
0x00007ffcd6ba0000 - 0x00007ffcd6bbb000 	D:\android-studio\1\jbr\bin\VCRUNTIME140.dll
0x00007ffd02400000 - 0x00007ffd0259d000 	C:\Windows\System32\USER32.dll
0x00007ffd01790000 - 0x00007ffd017b2000 	C:\Windows\System32\win32u.dll
0x00007ffced260000 - 0x00007ffced4fa000 	C:\Windows\WinSxS\amd64_microsoft.windows.common-controls_6595b64144ccf1df_6.0.19041.4355_none_60b8b9eb71f62e16\COMCTL32.dll
0x00007ffd03e60000 - 0x00007ffd03e8b000 	C:\Windows\System32\GDI32.dll
0x00007ffd03f30000 - 0x00007ffd03fce000 	C:\Windows\System32\msvcrt.dll
0x00007ffd01ff0000 - 0x00007ffd0210a000 	C:\Windows\System32\gdi32full.dll
0x00007ffd01c30000 - 0x00007ffd01ccd000 	C:\Windows\System32\msvcp_win.dll
0x00007ffd03c50000 - 0x00007ffd03c7f000 	C:\Windows\System32\IMM32.DLL
0x00000000539d0000 - 0x0000000053a3e000 	C:\Windows\System32\nxrmcore64.dll
0x00007ffd027d0000 - 0x00007ffd0287f000 	C:\Windows\System32\advapi32.DLL
0x00007ffd03e90000 - 0x00007ffd03f2f000 	C:\Windows\System32\sechost.dll
0x00007ffd03b20000 - 0x00007ffd03c43000 	C:\Windows\System32\RPCRT4.dll
0x00007ffd01e60000 - 0x00007ffd01e87000 	C:\Windows\System32\bcrypt.dll
0x00007ffcf9660000 - 0x00007ffcf966c000 	D:\android-studio\1\jbr\bin\vcruntime140_1.dll
0x00007ffcc7c70000 - 0x00007ffcc7cfd000 	D:\android-studio\1\jbr\bin\msvcp140.dll
0x00007ffca2730000 - 0x00007ffca33bb000 	D:\android-studio\1\jbr\bin\server\jvm.dll
0x00007ffd03170000 - 0x00007ffd031db000 	C:\Windows\System32\WS2_32.dll
0x00007ffd00d20000 - 0x00007ffd00d6b000 	C:\Windows\SYSTEM32\POWRPROF.dll
0x00007ffcf4800000 - 0x00007ffcf4827000 	C:\Windows\SYSTEM32\WINMM.dll
0x00007ffcfaf10000 - 0x00007ffcfaf1a000 	C:\Windows\SYSTEM32\VERSION.dll
0x00007ffd00b90000 - 0x00007ffd00ba2000 	C:\Windows\SYSTEM32\UMPDC.dll
0x00007ffcfffb0000 - 0x00007ffcfffc2000 	C:\Windows\SYSTEM32\kernel.appcore.dll
0x00007ffcf6ee0000 - 0x00007ffcf6eea000 	D:\android-studio\1\jbr\bin\jimage.dll
0x00007ffcff220000 - 0x00007ffcff404000 	C:\Windows\SYSTEM32\DBGHELP.DLL
0x00007ffcdde90000 - 0x00007ffcddec4000 	C:\Windows\SYSTEM32\dbgcore.DLL
0x00007ffd01cd0000 - 0x00007ffd01d52000 	C:\Windows\System32\bcryptPrimitives.dll
0x00007ffccae10000 - 0x00007ffccae1e000 	D:\android-studio\1\jbr\bin\instrument.dll
0x00007ffcc6820000 - 0x00007ffcc6840000 	D:\android-studio\1\jbr\bin\java.dll
0x00007ffcc5de0000 - 0x00007ffcc5df8000 	D:\android-studio\1\jbr\bin\zip.dll
0x00007ffd02a00000 - 0x00007ffd0316d000 	C:\Windows\System32\SHELL32.dll
0x00007ffcff7f0000 - 0x00007ffcfff94000 	C:\Windows\SYSTEM32\windows.storage.dll
0x00007ffd03760000 - 0x00007ffd03ab5000 	C:\Windows\System32\combase.dll
0x00007ffd011c0000 - 0x00007ffd011eb000 	C:\Windows\SYSTEM32\Wldp.dll
0x00007ffd031e0000 - 0x00007ffd032ad000 	C:\Windows\System32\OLEAUT32.dll
0x00007ffd02950000 - 0x00007ffd029fd000 	C:\Windows\System32\SHCORE.dll
0x00007ffd02120000 - 0x00007ffd02175000 	C:\Windows\System32\shlwapi.dll
0x00007ffd016c0000 - 0x00007ffd016e5000 	C:\Windows\SYSTEM32\profapi.dll
0x00007ffcd6a20000 - 0x00007ffcd6a30000 	D:\android-studio\1\jbr\bin\net.dll
0x00007ffcfdc40000 - 0x00007ffcfdd4a000 	C:\Windows\SYSTEM32\WINHTTP.dll
0x00007ffd00f20000 - 0x00007ffd00f8c000 	C:\Windows\system32\mswsock.dll
0x00007ffcc5dc0000 - 0x00007ffcc5dd6000 	D:\android-studio\1\jbr\bin\nio.dll
0x00007ffcca790000 - 0x00007ffcca7a0000 	D:\android-studio\1\jbr\bin\verify.dll
0x00007ffcedec0000 - 0x00007ffcedee7000 	C:\Users\outer\.gradle\native\c067742578af261105cb4f569cf0c3c89f3d7b1fecec35dd04571415982c5e48\windows-amd64\native-platform.dll
0x00007ffcb8c60000 - 0x00007ffcb8da4000 	C:\Users\outer\.gradle\native\100fb08df4bc3b14c8652ba06237920a3bd2aa13389f12d3474272988ae205f9\windows-amd64\native-platform-file-events.dll
0x00007ffccf3e0000 - 0x00007ffccf3e9000 	D:\android-studio\1\jbr\bin\management.dll
0x00007ffcce7a0000 - 0x00007ffcce7ab000 	D:\android-studio\1\jbr\bin\management_ext.dll
0x00007ffd032b0000 - 0x00007ffd032b8000 	C:\Windows\System32\PSAPI.DLL
0x00007ffd01110000 - 0x00007ffd01128000 	C:\Windows\SYSTEM32\CRYPTSP.dll
0x00007ffd007d0000 - 0x00007ffd00808000 	C:\Windows\system32\rsaenh.dll
0x00007ffd01640000 - 0x00007ffd0166e000 	C:\Windows\SYSTEM32\USERENV.dll
0x00007ffd01130000 - 0x00007ffd0113c000 	C:\Windows\SYSTEM32\CRYPTBASE.dll
0x00007ffd00bb0000 - 0x00007ffd00beb000 	C:\Windows\SYSTEM32\IPHLPAPI.DLL
0x00007ffd02110000 - 0x00007ffd02118000 	C:\Windows\System32\NSI.dll
0x00007ffcd3b00000 - 0x00007ffcd3b09000 	D:\android-studio\1\jbr\bin\extnet.dll
0x00007ffcd19f0000 - 0x00007ffcd19f7000 	C:\Windows\system32\wshunix.dll
0x00007ffc9b390000 - 0x00007ffc9b3a7000 	C:\Windows\system32\napinsp.dll
0x00007ffc9b370000 - 0x00007ffc9b38b000 	C:\Windows\system32\pnrpnsp.dll
0x00007ffcfdfb0000 - 0x00007ffcfdfc5000 	C:\Windows\system32\wshbth.dll
0x00007ffcfdc10000 - 0x00007ffcfdc2d000 	C:\Windows\system32\NLAapi.dll
0x00007ffd00bf0000 - 0x00007ffd00cba000 	C:\Windows\SYSTEM32\DNSAPI.dll
0x00007ffc9b350000 - 0x00007ffc9b362000 	C:\Windows\System32\winrnr.dll
0x00007ffcfc4f0000 - 0x00007ffcfc4fa000 	C:\Windows\System32\rasadhlp.dll
0x00007ffcf8920000 - 0x00007ffcf89a0000 	C:\Windows\System32\fwpuclnt.dll
0x00007ffd00a20000 - 0x00007ffd00a53000 	C:\Windows\SYSTEM32\ntmarta.dll
0x00007ffcfd450000 - 0x00007ffcfd457000 	D:\android-studio\1\jbr\bin\rmi.dll

dbghelp: loaded successfully - version: 4.0.5 - missing functions: none
symbol engine: initialized successfully - sym options: 0x614 - pdb path: .;D:\android-studio\1\jbr\bin;C:\Windows\SYSTEM32;C:\Windows\WinSxS\amd64_microsoft.windows.common-controls_6595b64144ccf1df_6.0.19041.4355_none_60b8b9eb71f62e16;D:\android-studio\1\jbr\bin\server;C:\Users\outer\.gradle\native\c067742578af261105cb4f569cf0c3c89f3d7b1fecec35dd04571415982c5e48\windows-amd64;C:\Users\outer\.gradle\native\100fb08df4bc3b14c8652ba06237920a3bd2aa13389f12d3474272988ae205f9\windows-amd64

VM Arguments:
jvm_args: --add-opens=java.base/java.lang=ALL-UNNAMED --add-opens=java.base/java.lang.invoke=ALL-UNNAMED --add-opens=java.base/java.util=ALL-UNNAMED --add-opens=java.prefs/java.util.prefs=ALL-UNNAMED --add-exports=jdk.compiler/com.sun.tools.javac.api=ALL-UNNAMED --add-exports=jdk.compiler/com.sun.tools.javac.util=ALL-UNNAMED --add-opens=java.base/java.util=ALL-UNNAMED --add-opens=java.prefs/java.util.prefs=ALL-UNNAMED --add-opens=java.base/java.nio.charset=ALL-UNNAMED --add-opens=java.base/java.net=ALL-UNNAMED --add-opens=java.base/java.util.concurrent.atomic=ALL-UNNAMED --add-opens=java.xml/javax.xml.namespace=ALL-UNNAMED -Xmx2048m -Dfile.encoding=UTF-8 -Duser.country=CN -Duser.language=zh -Duser.variant -javaagent:C:\Users\outer\.gradle\wrapper\dists\gradle-8.11.1-bin\bpt9gzteqjrbo1mjrsomdt32c\gradle-8.11.1\lib\agents\gradle-instrumentation-agent-8.11.1.jar 
java_command: org.gradle.launcher.daemon.bootstrap.GradleDaemon 8.11.1
java_class_path (initial): C:\Users\outer\.gradle\wrapper\dists\gradle-8.11.1-bin\bpt9gzteqjrbo1mjrsomdt32c\gradle-8.11.1\lib\gradle-daemon-main-8.11.1.jar
Launcher Type: SUN_STANDARD

[Global flags]
     intx CICompilerCount                          = 4                                         {product} {ergonomic}
     uint ConcGCThreads                            = 2                                         {product} {ergonomic}
     uint G1ConcRefinementThreads                  = 8                                         {product} {ergonomic}
   size_t G1HeapRegionSize                         = 1048576                                   {product} {ergonomic}
    uintx GCDrainStackTargetSize                   = 64                                        {product} {ergonomic}
   size_t InitialHeapSize                          = 264241152                                 {product} {ergonomic}
   size_t MarkStackSize                            = 4194304                                   {product} {ergonomic}
   size_t MaxHeapSize                              = 2147483648                                {product} {command line}
   size_t MaxNewSize                               = 1287651328                                {product} {ergonomic}
   size_t MinHeapDeltaBytes                        = 1048576                                   {product} {ergonomic}
   size_t MinHeapSize                              = 8388608                                   {product} {ergonomic}
    uintx NonNMethodCodeHeapSize                   = 5839372                                {pd product} {ergonomic}
    uintx NonProfiledCodeHeapSize                  = 122909434                              {pd product} {ergonomic}
    uintx ProfiledCodeHeapSize                     = 122909434                              {pd product} {ergonomic}
    uintx ReservedCodeCacheSize                    = 251658240                              {pd product} {ergonomic}
     bool SegmentedCodeCache                       = true                                      {product} {ergonomic}
   size_t SoftMaxHeapSize                          = 2147483648                             {manageable} {ergonomic}
     bool UseCompressedOops                        = true                           {product lp64_product} {ergonomic}
     bool UseG1GC                                  = true                                      {product} {ergonomic}
     bool UseLargePagesIndividualAllocation        = false                                  {pd product} {ergonomic}

Logging:
Log output configuration:
 #0: stdout all=warning uptime,level,tags foldmultilines=false
 #1: stderr all=off uptime,level,tags foldmultilines=false

Environment Variables:
JAVA_HOME=C:\Users\outer\AppData\Local\Android\Sdk
PATH=C:\Program Files\Common Files\Siemens\Automation\Simatic OAM\bin;C:\Windows\system32;C:\Windows;C:\Windows\System32\Wbem;C:\Windows\System32\WindowsPowerShell\v1.0\;C:\Windows\System32\OpenSSH\;C:\Program Files\dotnet\;C:\Users\outer\AppData\Local\Programs\Python\Python313;C:\Users\outer\AppData\Local\Programs\Python\Python313\Scripts;C:\Users\outer\AppData\Local\Android\Sdk\bin;C:\Users\outer\AppData\Local\Android\Sdk\jre\bin;C:\Users\outer\AppData\Local\Microsoft\WindowsApps;C:\Users\outer\AppData\Local\Programs\Python\Python313;C:\Users\outer\AppData\Local\Programs\Python\Python313\Scripts;;D:\kotlin\IntelliJ IDEA Community Edition 2024.3.3\bin;
USERNAME=outer
OS=Windows_NT
PROCESSOR_IDENTIFIER=Intel64 Family 6 Model 140 Stepping 1, GenuineIntel
TMP=C:\Users\outer\AppData\Local\Temp
TEMP=C:\Users\outer\AppData\Local\Temp




Periodic native trim disabled

JNI global refs:
JNI global refs: 31, weak refs: 6

JNI global refs memory usage: 835, weak refs: 833

Process memory usage:
Resident Set Size: 583468K (3% of 16497448K total physical memory with 3562888K free physical memory)

OOME stack traces (most recent first):
Classloader memory used:
Loader org.gradle.internal.classloader.VisitableURLClassLoader                         : 45700K
Loader org.gradle.internal.classloader.VisitableURLClassLoader$InstrumentingVisitableURLClassLoader: 36436K
Loader bootstrap                                                                       : 31704K
Loader org.gradle.initialization.MixInLegacyTypesClassLoader                           : 11910K
Loader java.net.URLClassLoader                                                         : 2686K
Loader jdk.internal.reflect.DelegatingClassLoader                                      : 850K
Loader org.gradle.internal.classloader.VisitableURLClassLoader                         : 753K
Loader jdk.internal.loader.ClassLoaders$PlatformClassLoader                            : 564K
Loader jdk.internal.loader.ClassLoaders$AppClassLoader                                 : 232K
Loader org.gradle.groovy.scripts.internal.DefaultScriptCompilationHandler$ScriptClassLoader: 194K
Loader org.codehaus.groovy.runtime.callsite.CallSiteClassLoader                        : 13280B
Loader sun.reflect.misc.MethodUtil                                                     : 2952B


[error occurred during error reporting (Classloader stats), id 0xe0000001, Out of Memory Error (s\src\hotspot\share\memory\arena.cpp:168)]
---------------  S Y S T E M  ---------------

OS:
 Windows 10 , 64 bit Build 19041 (10.0.19041.5438)
OS uptime: 1 days 21:29 hours

CPU: total 8 (initial active 8) (4 cores per cpu, 2 threads per core) family 6 model 140 stepping 1 microcode 0xb8, cx8, cmov, fxsr, ht, mmx, 3dnowpref, sse, sse2, sse3, ssse3, sse4.1, sse4.2, popcnt, lzcnt, tsc, tscinvbit, avx, avx2, aes, erms, clmul, bmi1, bmi2, adx, avx512f, avx512dq, avx512cd, avx512bw, avx512vl, sha, fma, vzeroupper, avx512_vpopcntdq, avx512_vpclmulqdq, avx512_vaes, avx512_vnni, clflush, clflushopt, clwb, avx512_vbmi2, avx512_vbmi, rdtscp, rdpid, fsrm, gfni, avx512_bitalg, f16c, pku, cet_ibt, cet_ss, avx512_ifma
Processor Information for the first 8 processors :
  Max Mhz: 2419, Current Mhz: 2419, Mhz Limit: 2419

Memory: 4k page, system-wide physical 16110M (3475M free)
TotalPageFile size 20110M (AvailPageFile size 5M)
current process WorkingSet (physical memory assigned to process): 572M, peak: 578M
current process commit charge ("private bytes"): 605M, peak: 613M

vm_info: OpenJDK 64-Bit Server VM (21.0.6+-13119726-b895.91) for windows-amd64 JRE (21.0.6+-13119726-b895.91), built on 2025-02-25T19:05:35Z by "builder" with MS VC++ 16.10 / 16.11 (VS2019)

END.
